{"/home/jjoadev/Documents/desarrollo/projects/multi-step-form-main/code/src/Prices.tsx": {"path":"/home/jjoadev/Documents/desarrollo/projects/multi-step-form-main/code/src/Prices.tsx","all":false,"statementMap":{"0":{"start":{"line":1,"column":0},"end":{"line":1,"column":34}},"1":{"start":{"line":2,"column":0},"end":{"line":2,"column":12}},"2":{"start":{"line":3,"column":0},"end":{"line":3,"column":15}},"3":{"start":{"line":4,"column":0},"end":{"line":4,"column":10}},"4":{"start":{"line":5,"column":0},"end":{"line":5,"column":2}},"5":{"start":{"line":6,"column":0},"end":{"line":6,"column":0}},"6":{"start":{"line":7,"column":0},"end":{"line":7,"column":33}},"7":{"start":{"line":8,"column":0},"end":{"line":8,"column":13}},"8":{"start":{"line":9,"column":0},"end":{"line":9,"column":16}},"9":{"start":{"line":10,"column":0},"end":{"line":10,"column":11}},"10":{"start":{"line":11,"column":0},"end":{"line":11,"column":2}},"11":{"start":{"line":12,"column":0},"end":{"line":12,"column":0}},"12":{"start":{"line":13,"column":0},"end":{"line":13,"column":36}},"13":{"start":{"line":14,"column":0},"end":{"line":14,"column":22}},"14":{"start":{"line":15,"column":0},"end":{"line":15,"column":22}},"15":{"start":{"line":16,"column":0},"end":{"line":16,"column":28}},"16":{"start":{"line":17,"column":0},"end":{"line":17,"column":2}},"17":{"start":{"line":18,"column":0},"end":{"line":18,"column":0}},"18":{"start":{"line":19,"column":0},"end":{"line":19,"column":35}},"19":{"start":{"line":20,"column":0},"end":{"line":20,"column":23}},"20":{"start":{"line":21,"column":0},"end":{"line":21,"column":23}},"21":{"start":{"line":22,"column":0},"end":{"line":22,"column":29}},"22":{"start":{"line":23,"column":0},"end":{"line":23,"column":2}}},"s":{"0":1,"1":1,"2":1,"3":1,"4":0,"5":1,"6":1,"7":1,"8":1,"9":1,"10":0,"11":1,"12":1,"13":1,"14":1,"15":1,"16":0,"17":1,"18":1,"19":1,"20":1,"21":1,"22":0},"branchMap":{},"b":{},"fnMap":{"0":{"name":"get","decl":{"start":{"line":5,"column":0},"end":{"line":5,"column":2}},"loc":{"start":{"line":5,"column":0},"end":{"line":5,"column":2}},"line":5},"1":{"name":"get","decl":{"start":{"line":11,"column":0},"end":{"line":11,"column":2}},"loc":{"start":{"line":11,"column":0},"end":{"line":11,"column":2}},"line":11},"2":{"name":"get","decl":{"start":{"line":17,"column":0},"end":{"line":17,"column":2}},"loc":{"start":{"line":17,"column":0},"end":{"line":17,"column":2}},"line":17},"3":{"name":"get","decl":{"start":{"line":23,"column":0},"end":{"line":23,"column":2}},"loc":{"start":{"line":23,"column":0},"end":{"line":23,"column":2}},"line":23}},"f":{"0":0,"1":0,"2":0,"3":0}}
,"/home/jjoadev/Documents/desarrollo/projects/multi-step-form-main/code/src/components/AddOn.tsx": {"path":"/home/jjoadev/Documents/desarrollo/projects/multi-step-form-main/code/src/components/AddOn.tsx","all":false,"statementMap":{"0":{"start":{"line":1,"column":0},"end":{"line":1,"column":48}},"1":{"start":{"line":2,"column":0},"end":{"line":2,"column":0}},"2":{"start":{"line":3,"column":0},"end":{"line":3,"column":14}},"3":{"start":{"line":4,"column":0},"end":{"line":4,"column":16}},"4":{"start":{"line":5,"column":0},"end":{"line":5,"column":15}},"5":{"start":{"line":6,"column":0},"end":{"line":6,"column":16}},"6":{"start":{"line":7,"column":0},"end":{"line":7,"column":15}},"7":{"start":{"line":8,"column":0},"end":{"line":8,"column":45}},"8":{"start":{"line":9,"column":0},"end":{"line":9,"column":48}},"9":{"start":{"line":10,"column":0},"end":{"line":10,"column":19}},"10":{"start":{"line":11,"column":0},"end":{"line":11,"column":2}},"11":{"start":{"line":12,"column":0},"end":{"line":12,"column":0}},"12":{"start":{"line":13,"column":0},"end":{"line":13,"column":34}},"13":{"start":{"line":14,"column":0},"end":{"line":14,"column":8}},"14":{"start":{"line":15,"column":0},"end":{"line":15,"column":7}},"15":{"start":{"line":16,"column":0},"end":{"line":16,"column":8}},"16":{"start":{"line":17,"column":0},"end":{"line":17,"column":7}},"17":{"start":{"line":18,"column":0},"end":{"line":18,"column":12}},"18":{"start":{"line":19,"column":0},"end":{"line":19,"column":15}},"19":{"start":{"line":20,"column":0},"end":{"line":20,"column":10}},"20":{"start":{"line":21,"column":0},"end":{"line":21,"column":7}},"21":{"start":{"line":22,"column":0},"end":{"line":22,"column":53}},"22":{"start":{"line":23,"column":0},"end":{"line":23,"column":0}},"23":{"start":{"line":24,"column":0},"end":{"line":24,"column":19}},"24":{"start":{"line":25,"column":0},"end":{"line":25,"column":13}},"25":{"start":{"line":26,"column":0},"end":{"line":26,"column":45}},"26":{"start":{"line":27,"column":0},"end":{"line":27,"column":49}},"27":{"start":{"line":28,"column":0},"end":{"line":28,"column":69}},"28":{"start":{"line":29,"column":0},"end":{"line":29,"column":0}},"29":{"start":{"line":30,"column":0},"end":{"line":30,"column":10}},"30":{"start":{"line":31,"column":0},"end":{"line":31,"column":8}},"31":{"start":{"line":32,"column":0},"end":{"line":32,"column":17}},"32":{"start":{"line":33,"column":0},"end":{"line":33,"column":127}},"33":{"start":{"line":34,"column":0},"end":{"line":34,"column":65}},"34":{"start":{"line":35,"column":0},"end":{"line":35,"column":7}},"35":{"start":{"line":36,"column":0},"end":{"line":36,"column":46}},"36":{"start":{"line":37,"column":0},"end":{"line":37,"column":5}},"37":{"start":{"line":38,"column":0},"end":{"line":38,"column":34}},"38":{"start":{"line":39,"column":0},"end":{"line":39,"column":14}},"39":{"start":{"line":40,"column":0},"end":{"line":40,"column":28}},"40":{"start":{"line":41,"column":0},"end":{"line":41,"column":56}},"41":{"start":{"line":42,"column":0},"end":{"line":42,"column":40}},"42":{"start":{"line":43,"column":0},"end":{"line":43,"column":34}},"43":{"start":{"line":44,"column":0},"end":{"line":44,"column":15}},"44":{"start":{"line":45,"column":0},"end":{"line":45,"column":17}},"45":{"start":{"line":46,"column":0},"end":{"line":46,"column":25}},"46":{"start":{"line":47,"column":0},"end":{"line":47,"column":47}},"47":{"start":{"line":48,"column":0},"end":{"line":48,"column":30}},"48":{"start":{"line":49,"column":0},"end":{"line":49,"column":31}},"49":{"start":{"line":50,"column":0},"end":{"line":50,"column":34}},"50":{"start":{"line":51,"column":0},"end":{"line":51,"column":12}},"51":{"start":{"line":52,"column":0},"end":{"line":52,"column":10}},"52":{"start":{"line":53,"column":0},"end":{"line":53,"column":52}},"53":{"start":{"line":54,"column":0},"end":{"line":54,"column":77}},"54":{"start":{"line":55,"column":0},"end":{"line":55,"column":71}},"55":{"start":{"line":56,"column":0},"end":{"line":56,"column":14}},"56":{"start":{"line":57,"column":0},"end":{"line":57,"column":12}},"57":{"start":{"line":58,"column":0},"end":{"line":58,"column":92}},"58":{"start":{"line":59,"column":0},"end":{"line":59,"column":64}},"59":{"start":{"line":60,"column":0},"end":{"line":60,"column":10}},"60":{"start":{"line":61,"column":0},"end":{"line":61,"column":10}},"61":{"start":{"line":62,"column":0},"end":{"line":62,"column":4}},"62":{"start":{"line":63,"column":0},"end":{"line":63,"column":2}}},"s":{"0":1,"1":1,"2":1,"3":1,"4":1,"5":1,"6":1,"7":1,"8":1,"9":1,"10":1,"11":1,"12":1,"13":8,"14":8,"15":8,"16":8,"17":8,"18":8,"19":8,"20":8,"21":8,"22":8,"23":8,"24":5,"25":1,"26":4,"27":8,"28":8,"29":8,"30":8,"31":8,"32":8,"33":8,"34":8,"35":8,"36":8,"37":8,"38":8,"39":8,"40":8,"41":8,"42":8,"43":8,"44":8,"45":8,"46":8,"47":8,"48":0,"49":0,"50":0,"51":8,"52":8,"53":8,"54":8,"55":8,"56":8,"57":8,"58":8,"59":8,"60":8,"61":8,"62":7},"branchMap":{"0":{"type":"branch","line":13,"loc":{"start":{"line":13,"column":32},"end":{"line":63,"column":2}},"locations":[{"start":{"line":13,"column":32},"end":{"line":63,"column":2}}]},"1":{"type":"branch","line":34,"loc":{"start":{"line":34,"column":9},"end":{"line":34,"column":62}},"locations":[{"start":{"line":34,"column":9},"end":{"line":34,"column":62}}]},"2":{"type":"branch","line":59,"loc":{"start":{"line":59,"column":18},"end":{"line":59,"column":48}},"locations":[{"start":{"line":59,"column":18},"end":{"line":59,"column":48}}]},"3":{"type":"branch","line":59,"loc":{"start":{"line":59,"column":35},"end":{"line":59,"column":64}},"locations":[{"start":{"line":59,"column":35},"end":{"line":59,"column":64}}]},"4":{"type":"branch","line":24,"loc":{"start":{"line":24,"column":12},"end":{"line":28,"column":5}},"locations":[{"start":{"line":24,"column":12},"end":{"line":28,"column":5}}]},"5":{"type":"branch","line":25,"loc":{"start":{"line":25,"column":4},"end":{"line":26,"column":45}},"locations":[{"start":{"line":25,"column":4},"end":{"line":26,"column":45}}]},"6":{"type":"branch","line":26,"loc":{"start":{"line":26,"column":44},"end":{"line":27,"column":49}},"locations":[{"start":{"line":26,"column":44},"end":{"line":27,"column":49}}]},"7":{"type":"branch","line":47,"loc":{"start":{"line":47,"column":19},"end":{"line":47,"column":47}},"locations":[{"start":{"line":47,"column":19},"end":{"line":47,"column":47}}]},"8":{"type":"branch","line":63,"loc":{"start":{"line":63,"column":0},"end":{"line":63,"column":2}},"locations":[{"start":{"line":63,"column":0},"end":{"line":63,"column":2}}]}},"b":{"0":[8],"1":[0],"2":[3],"3":[5],"4":[5],"5":[1],"6":[4],"7":[1],"8":[7]},"fnMap":{"0":{"name":"AddOn","decl":{"start":{"line":13,"column":32},"end":{"line":63,"column":2}},"loc":{"start":{"line":13,"column":32},"end":{"line":63,"column":2}},"line":13},"1":{"name":"onClick","decl":{"start":{"line":47,"column":19},"end":{"line":47,"column":47}},"loc":{"start":{"line":47,"column":19},"end":{"line":47,"column":47}},"line":47},"2":{"name":"onKeyPress","decl":{"start":{"line":48,"column":22},"end":{"line":51,"column":12}},"loc":{"start":{"line":48,"column":22},"end":{"line":51,"column":12}},"line":48},"3":{"name":"get","decl":{"start":{"line":63,"column":0},"end":{"line":63,"column":2}},"loc":{"start":{"line":63,"column":0},"end":{"line":63,"column":2}},"line":63}},"f":{"0":8,"1":1,"2":0,"3":7}}
,"/home/jjoadev/Documents/desarrollo/projects/multi-step-form-main/code/src/components/Container.tsx": {"path":"/home/jjoadev/Documents/desarrollo/projects/multi-step-form-main/code/src/components/Container.tsx","all":false,"statementMap":{"0":{"start":{"line":1,"column":0},"end":{"line":1,"column":38}},"1":{"start":{"line":2,"column":0},"end":{"line":2,"column":0}},"2":{"start":{"line":3,"column":0},"end":{"line":3,"column":14}},"3":{"start":{"line":4,"column":0},"end":{"line":4,"column":22}},"4":{"start":{"line":5,"column":0},"end":{"line":5,"column":2}},"5":{"start":{"line":6,"column":0},"end":{"line":6,"column":0}},"6":{"start":{"line":7,"column":0},"end":{"line":7,"column":55}},"7":{"start":{"line":8,"column":0},"end":{"line":8,"column":10}},"8":{"start":{"line":9,"column":0},"end":{"line":9,"column":109}},"9":{"start":{"line":10,"column":0},"end":{"line":10,"column":16}},"10":{"start":{"line":11,"column":0},"end":{"line":11,"column":11}},"11":{"start":{"line":12,"column":0},"end":{"line":12,"column":4}},"12":{"start":{"line":13,"column":0},"end":{"line":13,"column":2}}},"s":{"0":1,"1":1,"2":1,"3":1,"4":1,"5":1,"6":1,"7":20,"8":20,"9":20,"10":20,"11":20,"12":20},"branchMap":{"0":{"type":"branch","line":7,"loc":{"start":{"line":7,"column":36},"end":{"line":13,"column":2}},"locations":[{"start":{"line":7,"column":36},"end":{"line":13,"column":2}}]},"1":{"type":"branch","line":13,"loc":{"start":{"line":13,"column":0},"end":{"line":13,"column":2}},"locations":[{"start":{"line":13,"column":0},"end":{"line":13,"column":2}}]}},"b":{"0":[20],"1":[20]},"fnMap":{"0":{"name":"Container","decl":{"start":{"line":7,"column":36},"end":{"line":13,"column":2}},"loc":{"start":{"line":7,"column":36},"end":{"line":13,"column":2}},"line":7},"1":{"name":"get","decl":{"start":{"line":13,"column":0},"end":{"line":13,"column":2}},"loc":{"start":{"line":13,"column":0},"end":{"line":13,"column":2}},"line":13}},"f":{"0":20,"1":20}}
,"/home/jjoadev/Documents/desarrollo/projects/multi-step-form-main/code/src/components/Header.tsx": {"path":"/home/jjoadev/Documents/desarrollo/projects/multi-step-form-main/code/src/components/Header.tsx","all":false,"statementMap":{"0":{"start":{"line":1,"column":0},"end":{"line":1,"column":27}},"1":{"start":{"line":2,"column":0},"end":{"line":2,"column":0}},"2":{"start":{"line":3,"column":0},"end":{"line":3,"column":14}},"3":{"start":{"line":4,"column":0},"end":{"line":4,"column":16}},"4":{"start":{"line":5,"column":0},"end":{"line":5,"column":15}},"5":{"start":{"line":6,"column":0},"end":{"line":6,"column":2}},"6":{"start":{"line":7,"column":0},"end":{"line":7,"column":0}},"7":{"start":{"line":8,"column":0},"end":{"line":8,"column":55}},"8":{"start":{"line":9,"column":0},"end":{"line":9,"column":10}},"9":{"start":{"line":10,"column":0},"end":{"line":10,"column":44}},"10":{"start":{"line":11,"column":0},"end":{"line":11,"column":72}},"11":{"start":{"line":12,"column":0},"end":{"line":12,"column":15}},"12":{"start":{"line":13,"column":0},"end":{"line":13,"column":11}},"13":{"start":{"line":14,"column":0},"end":{"line":14,"column":71}},"14":{"start":{"line":15,"column":0},"end":{"line":15,"column":14}},"15":{"start":{"line":16,"column":0},"end":{"line":16,"column":10}},"16":{"start":{"line":17,"column":0},"end":{"line":17,"column":13}},"17":{"start":{"line":18,"column":0},"end":{"line":18,"column":4}},"18":{"start":{"line":19,"column":0},"end":{"line":19,"column":2}}},"s":{"0":1,"1":1,"2":1,"3":1,"4":1,"5":1,"6":1,"7":1,"8":20,"9":20,"10":20,"11":20,"12":20,"13":20,"14":20,"15":20,"16":20,"17":20,"18":20},"branchMap":{"0":{"type":"branch","line":8,"loc":{"start":{"line":8,"column":33},"end":{"line":19,"column":2}},"locations":[{"start":{"line":8,"column":33},"end":{"line":19,"column":2}}]},"1":{"type":"branch","line":19,"loc":{"start":{"line":19,"column":0},"end":{"line":19,"column":2}},"locations":[{"start":{"line":19,"column":0},"end":{"line":19,"column":2}}]}},"b":{"0":[20],"1":[20]},"fnMap":{"0":{"name":"Header","decl":{"start":{"line":8,"column":33},"end":{"line":19,"column":2}},"loc":{"start":{"line":8,"column":33},"end":{"line":19,"column":2}},"line":8},"1":{"name":"get","decl":{"start":{"line":19,"column":0},"end":{"line":19,"column":2}},"loc":{"start":{"line":19,"column":0},"end":{"line":19,"column":2}},"line":19}},"f":{"0":20,"1":20}}
,"/home/jjoadev/Documents/desarrollo/projects/multi-step-form-main/code/src/components/Plan.tsx": {"path":"/home/jjoadev/Documents/desarrollo/projects/multi-step-form-main/code/src/components/Plan.tsx","all":false,"statementMap":{"0":{"start":{"line":1,"column":0},"end":{"line":1,"column":39}},"1":{"start":{"line":2,"column":0},"end":{"line":2,"column":0}},"2":{"start":{"line":3,"column":0},"end":{"line":3,"column":14}},"3":{"start":{"line":4,"column":0},"end":{"line":4,"column":15}},"4":{"start":{"line":5,"column":0},"end":{"line":5,"column":16}},"5":{"start":{"line":6,"column":0},"end":{"line":6,"column":14}},"6":{"start":{"line":7,"column":0},"end":{"line":7,"column":29}},"7":{"start":{"line":8,"column":0},"end":{"line":8,"column":18}},"8":{"start":{"line":9,"column":0},"end":{"line":9,"column":22}},"9":{"start":{"line":10,"column":0},"end":{"line":10,"column":55}},"10":{"start":{"line":11,"column":0},"end":{"line":11,"column":2}},"11":{"start":{"line":12,"column":0},"end":{"line":12,"column":0}},"12":{"start":{"line":13,"column":0},"end":{"line":13,"column":33}},"13":{"start":{"line":14,"column":0},"end":{"line":14,"column":7}},"14":{"start":{"line":15,"column":0},"end":{"line":15,"column":8}},"15":{"start":{"line":16,"column":0},"end":{"line":16,"column":6}},"16":{"start":{"line":17,"column":0},"end":{"line":17,"column":7}},"17":{"start":{"line":18,"column":0},"end":{"line":18,"column":9}},"18":{"start":{"line":19,"column":0},"end":{"line":19,"column":13}},"19":{"start":{"line":20,"column":0},"end":{"line":20,"column":13}},"20":{"start":{"line":21,"column":0},"end":{"line":21,"column":7}},"21":{"start":{"line":22,"column":0},"end":{"line":22,"column":41}},"22":{"start":{"line":23,"column":0},"end":{"line":23,"column":23}},"23":{"start":{"line":24,"column":0},"end":{"line":24,"column":80}},"24":{"start":{"line":25,"column":0},"end":{"line":25,"column":43}},"25":{"start":{"line":26,"column":0},"end":{"line":26,"column":35}},"26":{"start":{"line":27,"column":0},"end":{"line":27,"column":4}},"27":{"start":{"line":28,"column":0},"end":{"line":28,"column":0}},"28":{"start":{"line":29,"column":0},"end":{"line":29,"column":10}},"29":{"start":{"line":30,"column":0},"end":{"line":30,"column":11}},"30":{"start":{"line":31,"column":0},"end":{"line":31,"column":17}},"31":{"start":{"line":32,"column":0},"end":{"line":32,"column":125}},"32":{"start":{"line":33,"column":0},"end":{"line":33,"column":64}},"33":{"start":{"line":34,"column":0},"end":{"line":34,"column":7}},"34":{"start":{"line":35,"column":0},"end":{"line":35,"column":34}},"35":{"start":{"line":36,"column":0},"end":{"line":36,"column":36}},"36":{"start":{"line":37,"column":0},"end":{"line":37,"column":5}},"37":{"start":{"line":38,"column":0},"end":{"line":38,"column":61}},"38":{"start":{"line":39,"column":0},"end":{"line":39,"column":32}},"39":{"start":{"line":40,"column":0},"end":{"line":40,"column":12}},"40":{"start":{"line":41,"column":0},"end":{"line":41,"column":72}},"41":{"start":{"line":42,"column":0},"end":{"line":42,"column":74}},"42":{"start":{"line":43,"column":0},"end":{"line":43,"column":16}},"43":{"start":{"line":44,"column":0},"end":{"line":44,"column":13}},"44":{"start":{"line":45,"column":0},"end":{"line":45,"column":61}},"45":{"start":{"line":46,"column":0},"end":{"line":46,"column":64}},"46":{"start":{"line":47,"column":0},"end":{"line":47,"column":12}},"47":{"start":{"line":48,"column":0},"end":{"line":48,"column":10}},"48":{"start":{"line":49,"column":0},"end":{"line":49,"column":21}},"49":{"start":{"line":50,"column":0},"end":{"line":50,"column":53}},"50":{"start":{"line":51,"column":0},"end":{"line":51,"column":61}},"51":{"start":{"line":52,"column":0},"end":{"line":52,"column":11}},"52":{"start":{"line":53,"column":0},"end":{"line":53,"column":9}},"53":{"start":{"line":54,"column":0},"end":{"line":54,"column":34}},"54":{"start":{"line":55,"column":0},"end":{"line":55,"column":12}},"55":{"start":{"line":56,"column":0},"end":{"line":56,"column":12}},"56":{"start":{"line":57,"column":0},"end":{"line":57,"column":13}},"57":{"start":{"line":58,"column":0},"end":{"line":58,"column":4}},"58":{"start":{"line":59,"column":0},"end":{"line":59,"column":2}}},"s":{"0":1,"1":1,"2":1,"3":1,"4":1,"5":1,"6":1,"7":1,"8":1,"9":1,"10":1,"11":1,"12":1,"13":12,"14":12,"15":12,"16":12,"17":12,"18":12,"19":12,"20":12,"21":12,"22":2,"23":2,"24":2,"25":2,"26":2,"27":12,"28":12,"29":12,"30":12,"31":12,"32":12,"33":12,"34":12,"35":12,"36":12,"37":12,"38":12,"39":12,"40":12,"41":12,"42":12,"43":12,"44":12,"45":12,"46":12,"47":12,"48":12,"49":12,"50":12,"51":12,"52":12,"53":12,"54":12,"55":12,"56":12,"57":12,"58":12},"branchMap":{"0":{"type":"branch","line":13,"loc":{"start":{"line":13,"column":31},"end":{"line":59,"column":2}},"locations":[{"start":{"line":13,"column":31},"end":{"line":59,"column":2}}]},"1":{"type":"branch","line":33,"loc":{"start":{"line":33,"column":9},"end":{"line":33,"column":61}},"locations":[{"start":{"line":33,"column":9},"end":{"line":33,"column":61}}]},"2":{"type":"branch","line":33,"loc":{"start":{"line":33,"column":18},"end":{"line":33,"column":64}},"locations":[{"start":{"line":33,"column":18},"end":{"line":33,"column":64}}]},"3":{"type":"branch","line":46,"loc":{"start":{"line":46,"column":20},"end":{"line":46,"column":49}},"locations":[{"start":{"line":46,"column":20},"end":{"line":46,"column":49}}]},"4":{"type":"branch","line":46,"loc":{"start":{"line":46,"column":36},"end":{"line":46,"column":64}},"locations":[{"start":{"line":46,"column":36},"end":{"line":46,"column":64}}]},"5":{"type":"branch","line":51,"loc":{"start":{"line":51,"column":22},"end":{"line":51,"column":49}},"locations":[{"start":{"line":51,"column":22},"end":{"line":51,"column":49}}]},"6":{"type":"branch","line":51,"loc":{"start":{"line":51,"column":33},"end":{"line":51,"column":61}},"locations":[{"start":{"line":51,"column":33},"end":{"line":51,"column":61}}]},"7":{"type":"branch","line":22,"loc":{"start":{"line":22,"column":21},"end":{"line":27,"column":4}},"locations":[{"start":{"line":22,"column":21},"end":{"line":27,"column":4}}]},"8":{"type":"branch","line":36,"loc":{"start":{"line":36,"column":15},"end":{"line":36,"column":36}},"locations":[{"start":{"line":36,"column":15},"end":{"line":36,"column":36}}]},"9":{"type":"branch","line":59,"loc":{"start":{"line":59,"column":0},"end":{"line":59,"column":2}},"locations":[{"start":{"line":59,"column":0},"end":{"line":59,"column":2}}]}},"b":{"0":[12],"1":[4],"2":[8],"3":[9],"4":[3],"5":[3],"6":[9],"7":[2],"8":[2],"9":[12]},"fnMap":{"0":{"name":"Plan","decl":{"start":{"line":13,"column":31},"end":{"line":59,"column":2}},"loc":{"start":{"line":13,"column":31},"end":{"line":59,"column":2}},"line":13},"1":{"name":"togglePlan","decl":{"start":{"line":22,"column":21},"end":{"line":27,"column":4}},"loc":{"start":{"line":22,"column":21},"end":{"line":27,"column":4}},"line":22},"2":{"name":"onClick","decl":{"start":{"line":36,"column":15},"end":{"line":36,"column":36}},"loc":{"start":{"line":36,"column":15},"end":{"line":36,"column":36}},"line":36},"3":{"name":"get","decl":{"start":{"line":59,"column":0},"end":{"line":59,"column":2}},"loc":{"start":{"line":59,"column":0},"end":{"line":59,"column":2}},"line":59}},"f":{"0":12,"1":2,"2":2,"3":12}}
,"/home/jjoadev/Documents/desarrollo/projects/multi-step-form-main/code/src/components/Switcher.tsx": {"path":"/home/jjoadev/Documents/desarrollo/projects/multi-step-form-main/code/src/components/Switcher.tsx","all":false,"statementMap":{"0":{"start":{"line":1,"column":0},"end":{"line":1,"column":27}},"1":{"start":{"line":2,"column":0},"end":{"line":2,"column":24}},"2":{"start":{"line":3,"column":0},"end":{"line":3,"column":0}},"3":{"start":{"line":4,"column":0},"end":{"line":4,"column":14}},"4":{"start":{"line":5,"column":0},"end":{"line":5,"column":28}},"5":{"start":{"line":6,"column":0},"end":{"line":6,"column":19}},"6":{"start":{"line":7,"column":0},"end":{"line":7,"column":2}},"7":{"start":{"line":8,"column":0},"end":{"line":8,"column":0}},"8":{"start":{"line":9,"column":0},"end":{"line":9,"column":61}},"9":{"start":{"line":10,"column":0},"end":{"line":10,"column":10}},"10":{"start":{"line":11,"column":0},"end":{"line":11,"column":30}},"11":{"start":{"line":12,"column":0},"end":{"line":12,"column":12}},"12":{"start":{"line":13,"column":0},"end":{"line":13,"column":32}},"13":{"start":{"line":14,"column":0},"end":{"line":14,"column":32}},"14":{"start":{"line":15,"column":0},"end":{"line":15,"column":23}},"15":{"start":{"line":16,"column":0},"end":{"line":16,"column":31}},"16":{"start":{"line":17,"column":0},"end":{"line":17,"column":8}},"17":{"start":{"line":18,"column":0},"end":{"line":18,"column":39}},"18":{"start":{"line":19,"column":0},"end":{"line":19,"column":12}},"19":{"start":{"line":20,"column":0},"end":{"line":20,"column":4}},"20":{"start":{"line":21,"column":0},"end":{"line":21,"column":2}},"21":{"start":{"line":22,"column":0},"end":{"line":22,"column":0}},"22":{"start":{"line":23,"column":0},"end":{"line":23,"column":24}}},"s":{"0":1,"1":1,"2":1,"3":1,"4":1,"5":1,"6":1,"7":1,"8":1,"9":5,"10":5,"11":5,"12":5,"13":5,"14":5,"15":5,"16":5,"17":5,"18":5,"19":5,"20":5,"21":1,"22":1},"branchMap":{"0":{"type":"branch","line":9,"loc":{"start":{"line":9,"column":28},"end":{"line":21,"column":2}},"locations":[{"start":{"line":9,"column":28},"end":{"line":21,"column":2}}]}},"b":{"0":[5]},"fnMap":{"0":{"name":"Switcher","decl":{"start":{"line":9,"column":28},"end":{"line":21,"column":2}},"loc":{"start":{"line":9,"column":28},"end":{"line":21,"column":2}},"line":9}},"f":{"0":5}}
,"/home/jjoadev/Documents/desarrollo/projects/multi-step-form-main/code/src/components/Buttons/GrayButton.tsx": {"path":"/home/jjoadev/Documents/desarrollo/projects/multi-step-form-main/code/src/components/Buttons/GrayButton.tsx","all":false,"statementMap":{"0":{"start":{"line":1,"column":0},"end":{"line":1,"column":27}},"1":{"start":{"line":2,"column":0},"end":{"line":2,"column":0}},"2":{"start":{"line":3,"column":0},"end":{"line":3,"column":14}},"3":{"start":{"line":4,"column":0},"end":{"line":4,"column":21}},"4":{"start":{"line":5,"column":0},"end":{"line":5,"column":16}},"5":{"start":{"line":6,"column":0},"end":{"line":6,"column":2}},"6":{"start":{"line":7,"column":0},"end":{"line":7,"column":0}},"7":{"start":{"line":8,"column":0},"end":{"line":8,"column":61}},"8":{"start":{"line":9,"column":0},"end":{"line":9,"column":10}},"9":{"start":{"line":10,"column":0},"end":{"line":10,"column":11}},"10":{"start":{"line":11,"column":0},"end":{"line":11,"column":152}},"11":{"start":{"line":12,"column":0},"end":{"line":12,"column":22}},"12":{"start":{"line":13,"column":0},"end":{"line":13,"column":5}},"13":{"start":{"line":14,"column":0},"end":{"line":14,"column":13}},"14":{"start":{"line":15,"column":0},"end":{"line":15,"column":13}},"15":{"start":{"line":16,"column":0},"end":{"line":16,"column":4}},"16":{"start":{"line":17,"column":0},"end":{"line":17,"column":2}}},"s":{"0":1,"1":1,"2":1,"3":1,"4":1,"5":1,"6":1,"7":1,"8":12,"9":12,"10":12,"11":12,"12":12,"13":12,"14":12,"15":12,"16":12},"branchMap":{"0":{"type":"branch","line":8,"loc":{"start":{"line":8,"column":37},"end":{"line":17,"column":2}},"locations":[{"start":{"line":8,"column":37},"end":{"line":17,"column":2}}]},"1":{"type":"branch","line":17,"loc":{"start":{"line":17,"column":0},"end":{"line":17,"column":2}},"locations":[{"start":{"line":17,"column":0},"end":{"line":17,"column":2}}]}},"b":{"0":[12],"1":[12]},"fnMap":{"0":{"name":"GrayButton","decl":{"start":{"line":8,"column":37},"end":{"line":17,"column":2}},"loc":{"start":{"line":8,"column":37},"end":{"line":17,"column":2}},"line":8},"1":{"name":"get","decl":{"start":{"line":17,"column":0},"end":{"line":17,"column":2}},"loc":{"start":{"line":17,"column":0},"end":{"line":17,"column":2}},"line":17}},"f":{"0":12,"1":12}}
,"/home/jjoadev/Documents/desarrollo/projects/multi-step-form-main/code/src/components/Buttons/NextButton.tsx": {"path":"/home/jjoadev/Documents/desarrollo/projects/multi-step-form-main/code/src/components/Buttons/NextButton.tsx","all":false,"statementMap":{"0":{"start":{"line":1,"column":0},"end":{"line":1,"column":27}},"1":{"start":{"line":2,"column":0},"end":{"line":2,"column":0}},"2":{"start":{"line":3,"column":0},"end":{"line":3,"column":14}},"3":{"start":{"line":4,"column":0},"end":{"line":4,"column":18}},"4":{"start":{"line":5,"column":0},"end":{"line":5,"column":16}},"5":{"start":{"line":6,"column":0},"end":{"line":6,"column":2}},"6":{"start":{"line":7,"column":0},"end":{"line":7,"column":0}},"7":{"start":{"line":8,"column":0},"end":{"line":8,"column":62}},"8":{"start":{"line":9,"column":0},"end":{"line":9,"column":10}},"9":{"start":{"line":10,"column":0},"end":{"line":10,"column":10}},"10":{"start":{"line":11,"column":0},"end":{"line":11,"column":17}},"11":{"start":{"line":12,"column":0},"end":{"line":12,"column":173}},"12":{"start":{"line":13,"column":0},"end":{"line":13,"column":15}},"13":{"start":{"line":14,"column":0},"end":{"line":14,"column":7}},"14":{"start":{"line":15,"column":0},"end":{"line":15,"column":28}},"15":{"start":{"line":16,"column":0},"end":{"line":16,"column":19}},"16":{"start":{"line":17,"column":0},"end":{"line":17,"column":19}},"17":{"start":{"line":18,"column":0},"end":{"line":18,"column":6}},"18":{"start":{"line":19,"column":0},"end":{"line":19,"column":4}},"19":{"start":{"line":20,"column":0},"end":{"line":20,"column":2}}},"s":{"0":1,"1":1,"2":1,"3":1,"4":1,"5":1,"6":1,"7":1,"8":21,"9":21,"10":21,"11":21,"12":21,"13":21,"14":21,"15":21,"16":21,"17":21,"18":21,"19":21},"branchMap":{"0":{"type":"branch","line":8,"loc":{"start":{"line":8,"column":37},"end":{"line":20,"column":2}},"locations":[{"start":{"line":8,"column":37},"end":{"line":20,"column":2}}]},"1":{"type":"branch","line":20,"loc":{"start":{"line":20,"column":0},"end":{"line":20,"column":2}},"locations":[{"start":{"line":20,"column":0},"end":{"line":20,"column":2}}]}},"b":{"0":[21],"1":[21]},"fnMap":{"0":{"name":"NextButton","decl":{"start":{"line":8,"column":37},"end":{"line":20,"column":2}},"loc":{"start":{"line":8,"column":37},"end":{"line":20,"column":2}},"line":8},"1":{"name":"get","decl":{"start":{"line":20,"column":0},"end":{"line":20,"column":2}},"loc":{"start":{"line":20,"column":0},"end":{"line":20,"column":2}},"line":20}},"f":{"0":21,"1":21}}
,"/home/jjoadev/Documents/desarrollo/projects/multi-step-form-main/code/src/components/Steps/StepFive.tsx": {"path":"/home/jjoadev/Documents/desarrollo/projects/multi-step-form-main/code/src/components/Steps/StepFive.tsx","all":false,"statementMap":{"0":{"start":{"line":1,"column":0},"end":{"line":1,"column":27}},"1":{"start":{"line":2,"column":0},"end":{"line":2,"column":0}},"2":{"start":{"line":3,"column":0},"end":{"line":3,"column":63}},"3":{"start":{"line":4,"column":0},"end":{"line":4,"column":0}},"4":{"start":{"line":5,"column":0},"end":{"line":5,"column":42}},"5":{"start":{"line":6,"column":0},"end":{"line":6,"column":0}},"6":{"start":{"line":7,"column":0},"end":{"line":7,"column":35}},"7":{"start":{"line":8,"column":0},"end":{"line":8,"column":10}},"8":{"start":{"line":9,"column":0},"end":{"line":9,"column":109}},"9":{"start":{"line":10,"column":0},"end":{"line":10,"column":52}},"10":{"start":{"line":11,"column":0},"end":{"line":11,"column":0}},"11":{"start":{"line":12,"column":0},"end":{"line":12,"column":10}},"12":{"start":{"line":13,"column":0},"end":{"line":13,"column":72}},"13":{"start":{"line":14,"column":0},"end":{"line":14,"column":140}},"14":{"start":{"line":15,"column":0},"end":{"line":15,"column":7}},"15":{"start":{"line":16,"column":0},"end":{"line":16,"column":84}},"16":{"start":{"line":17,"column":0},"end":{"line":17,"column":42}},"17":{"start":{"line":18,"column":0},"end":{"line":18,"column":64}},"18":{"start":{"line":19,"column":0},"end":{"line":19,"column":16}},"19":{"start":{"line":20,"column":0},"end":{"line":20,"column":79}},"20":{"start":{"line":21,"column":0},"end":{"line":21,"column":87}},"21":{"start":{"line":22,"column":0},"end":{"line":22,"column":79}},"22":{"start":{"line":23,"column":0},"end":{"line":23,"column":80}},"23":{"start":{"line":24,"column":0},"end":{"line":24,"column":39}},"24":{"start":{"line":25,"column":0},"end":{"line":25,"column":14}},"25":{"start":{"line":26,"column":0},"end":{"line":26,"column":17}},"26":{"start":{"line":27,"column":0},"end":{"line":27,"column":12}},"27":{"start":{"line":28,"column":0},"end":{"line":28,"column":10}},"28":{"start":{"line":29,"column":0},"end":{"line":29,"column":4}},"29":{"start":{"line":30,"column":0},"end":{"line":30,"column":2}}},"s":{"0":1,"1":1,"2":1,"3":1,"4":1,"5":1,"6":1,"7":1,"8":1,"9":1,"10":1,"11":1,"12":1,"13":1,"14":1,"15":1,"16":1,"17":1,"18":1,"19":1,"20":1,"21":1,"22":1,"23":1,"24":1,"25":1,"26":1,"27":1,"28":1,"29":1},"branchMap":{"0":{"type":"branch","line":7,"loc":{"start":{"line":7,"column":28},"end":{"line":30,"column":2}},"locations":[{"start":{"line":7,"column":28},"end":{"line":30,"column":2}}]},"1":{"type":"branch","line":30,"loc":{"start":{"line":30,"column":0},"end":{"line":30,"column":2}},"locations":[{"start":{"line":30,"column":0},"end":{"line":30,"column":2}}]}},"b":{"0":[1],"1":[1]},"fnMap":{"0":{"name":"StepFive","decl":{"start":{"line":7,"column":28},"end":{"line":30,"column":2}},"loc":{"start":{"line":7,"column":28},"end":{"line":30,"column":2}},"line":7},"1":{"name":"get","decl":{"start":{"line":30,"column":0},"end":{"line":30,"column":2}},"loc":{"start":{"line":30,"column":0},"end":{"line":30,"column":2}},"line":30}},"f":{"0":1,"1":1}}
,"/home/jjoadev/Documents/desarrollo/projects/multi-step-form-main/code/src/components/Steps/StepFour.tsx": {"path":"/home/jjoadev/Documents/desarrollo/projects/multi-step-form-main/code/src/components/Steps/StepFour.tsx","all":false,"statementMap":{"0":{"start":{"line":1,"column":0},"end":{"line":1,"column":27}},"1":{"start":{"line":2,"column":0},"end":{"line":2,"column":0}},"2":{"start":{"line":3,"column":0},"end":{"line":3,"column":31}},"3":{"start":{"line":4,"column":0},"end":{"line":4,"column":51}},"4":{"start":{"line":5,"column":0},"end":{"line":5,"column":51}},"5":{"start":{"line":6,"column":0},"end":{"line":6,"column":41}},"6":{"start":{"line":7,"column":0},"end":{"line":7,"column":35}},"7":{"start":{"line":8,"column":0},"end":{"line":8,"column":0}},"8":{"start":{"line":9,"column":0},"end":{"line":9,"column":42}},"9":{"start":{"line":10,"column":0},"end":{"line":10,"column":0}},"10":{"start":{"line":11,"column":0},"end":{"line":11,"column":14}},"11":{"start":{"line":12,"column":0},"end":{"line":12,"column":17}},"12":{"start":{"line":13,"column":0},"end":{"line":13,"column":23}},"13":{"start":{"line":14,"column":0},"end":{"line":14,"column":23}},"14":{"start":{"line":15,"column":0},"end":{"line":15,"column":25}},"15":{"start":{"line":16,"column":0},"end":{"line":16,"column":2}},"16":{"start":{"line":17,"column":0},"end":{"line":17,"column":0}},"17":{"start":{"line":18,"column":0},"end":{"line":18,"column":43}},"18":{"start":{"line":19,"column":0},"end":{"line":19,"column":54}},"19":{"start":{"line":20,"column":0},"end":{"line":20,"column":2}},"20":{"start":{"line":21,"column":0},"end":{"line":21,"column":0}},"21":{"start":{"line":22,"column":0},"end":{"line":22,"column":37}},"22":{"start":{"line":23,"column":0},"end":{"line":23,"column":11}},"23":{"start":{"line":24,"column":0},"end":{"line":24,"column":13}},"24":{"start":{"line":25,"column":0},"end":{"line":25,"column":11}},"25":{"start":{"line":26,"column":0},"end":{"line":26,"column":11}},"26":{"start":{"line":27,"column":0},"end":{"line":27,"column":7}},"27":{"start":{"line":28,"column":0},"end":{"line":28,"column":38}},"28":{"start":{"line":29,"column":0},"end":{"line":29,"column":23}},"29":{"start":{"line":30,"column":0},"end":{"line":30,"column":0}},"30":{"start":{"line":31,"column":0},"end":{"line":31,"column":24}},"31":{"start":{"line":32,"column":0},"end":{"line":32,"column":17}},"32":{"start":{"line":33,"column":0},"end":{"line":33,"column":5}},"33":{"start":{"line":34,"column":0},"end":{"line":34,"column":4}},"34":{"start":{"line":35,"column":0},"end":{"line":35,"column":0}},"35":{"start":{"line":36,"column":0},"end":{"line":36,"column":39}},"36":{"start":{"line":37,"column":0},"end":{"line":37,"column":18}},"37":{"start":{"line":38,"column":0},"end":{"line":38,"column":0}},"38":{"start":{"line":39,"column":0},"end":{"line":39,"column":32}},"39":{"start":{"line":40,"column":0},"end":{"line":40,"column":48}},"40":{"start":{"line":41,"column":0},"end":{"line":41,"column":21}},"41":{"start":{"line":42,"column":0},"end":{"line":42,"column":7}},"42":{"start":{"line":43,"column":0},"end":{"line":43,"column":0}},"43":{"start":{"line":44,"column":0},"end":{"line":44,"column":17}},"44":{"start":{"line":45,"column":0},"end":{"line":45,"column":4}},"45":{"start":{"line":46,"column":0},"end":{"line":46,"column":0}},"46":{"start":{"line":47,"column":0},"end":{"line":47,"column":10}},"47":{"start":{"line":48,"column":0},"end":{"line":48,"column":109}},"48":{"start":{"line":49,"column":0},"end":{"line":49,"column":52}},"49":{"start":{"line":50,"column":0},"end":{"line":50,"column":99}},"50":{"start":{"line":51,"column":0},"end":{"line":51,"column":19}},"51":{"start":{"line":52,"column":0},"end":{"line":52,"column":17}},"52":{"start":{"line":53,"column":0},"end":{"line":53,"column":70}},"53":{"start":{"line":54,"column":0},"end":{"line":54,"column":32}},"54":{"start":{"line":55,"column":0},"end":{"line":55,"column":12}},"55":{"start":{"line":56,"column":0},"end":{"line":56,"column":0}},"56":{"start":{"line":57,"column":0},"end":{"line":57,"column":15}},"57":{"start":{"line":58,"column":0},"end":{"line":58,"column":55}},"58":{"start":{"line":59,"column":0},"end":{"line":59,"column":37}},"59":{"start":{"line":60,"column":0},"end":{"line":60,"column":11}},"60":{"start":{"line":61,"column":0},"end":{"line":61,"column":48}},"61":{"start":{"line":62,"column":0},"end":{"line":62,"column":69}},"62":{"start":{"line":63,"column":0},"end":{"line":63,"column":21}},"63":{"start":{"line":64,"column":0},"end":{"line":64,"column":104}},"64":{"start":{"line":65,"column":0},"end":{"line":65,"column":33}},"65":{"start":{"line":66,"column":0},"end":{"line":66,"column":71}},"66":{"start":{"line":67,"column":0},"end":{"line":67,"column":47}},"67":{"start":{"line":68,"column":0},"end":{"line":68,"column":128}},"68":{"start":{"line":69,"column":0},"end":{"line":69,"column":28}},"69":{"start":{"line":70,"column":0},"end":{"line":70,"column":24}},"70":{"start":{"line":71,"column":0},"end":{"line":71,"column":27}},"71":{"start":{"line":72,"column":0},"end":{"line":72,"column":22}},"72":{"start":{"line":73,"column":0},"end":{"line":73,"column":86}},"73":{"start":{"line":74,"column":0},"end":{"line":74,"column":54}},"74":{"start":{"line":75,"column":0},"end":{"line":75,"column":49}},"75":{"start":{"line":76,"column":0},"end":{"line":76,"column":50}},"76":{"start":{"line":77,"column":0},"end":{"line":77,"column":20}},"77":{"start":{"line":78,"column":0},"end":{"line":78,"column":19}},"78":{"start":{"line":79,"column":0},"end":{"line":79,"column":0}},"79":{"start":{"line":80,"column":0},"end":{"line":80,"column":47}},"80":{"start":{"line":81,"column":0},"end":{"line":81,"column":61}},"81":{"start":{"line":82,"column":0},"end":{"line":82,"column":21}},"82":{"start":{"line":83,"column":0},"end":{"line":83,"column":31}},"83":{"start":{"line":84,"column":0},"end":{"line":84,"column":66}},"84":{"start":{"line":85,"column":0},"end":{"line":85,"column":19}},"85":{"start":{"line":86,"column":0},"end":{"line":86,"column":25}},"86":{"start":{"line":87,"column":0},"end":{"line":87,"column":88}},"87":{"start":{"line":88,"column":0},"end":{"line":88,"column":41}},"88":{"start":{"line":89,"column":0},"end":{"line":89,"column":37}},"89":{"start":{"line":90,"column":0},"end":{"line":90,"column":46}},"90":{"start":{"line":91,"column":0},"end":{"line":91,"column":46}},"91":{"start":{"line":92,"column":0},"end":{"line":92,"column":52}},"92":{"start":{"line":93,"column":0},"end":{"line":93,"column":26}},"93":{"start":{"line":94,"column":0},"end":{"line":94,"column":27}},"94":{"start":{"line":95,"column":0},"end":{"line":95,"column":26}},"95":{"start":{"line":96,"column":0},"end":{"line":96,"column":90}},"96":{"start":{"line":97,"column":0},"end":{"line":97,"column":58}},"97":{"start":{"line":98,"column":0},"end":{"line":98,"column":54}},"98":{"start":{"line":99,"column":0},"end":{"line":99,"column":55}},"99":{"start":{"line":100,"column":0},"end":{"line":100,"column":24}},"100":{"start":{"line":101,"column":0},"end":{"line":101,"column":23}},"101":{"start":{"line":102,"column":0},"end":{"line":102,"column":17}},"102":{"start":{"line":103,"column":0},"end":{"line":103,"column":16}},"103":{"start":{"line":104,"column":0},"end":{"line":104,"column":0}},"104":{"start":{"line":105,"column":0},"end":{"line":105,"column":78}},"105":{"start":{"line":106,"column":0},"end":{"line":106,"column":21}},"106":{"start":{"line":107,"column":0},"end":{"line":107,"column":104}},"107":{"start":{"line":108,"column":0},"end":{"line":108,"column":27}},"108":{"start":{"line":109,"column":0},"end":{"line":109,"column":24}},"109":{"start":{"line":110,"column":0},"end":{"line":110,"column":55}},"110":{"start":{"line":111,"column":0},"end":{"line":111,"column":35}},"111":{"start":{"line":112,"column":0},"end":{"line":112,"column":34}},"112":{"start":{"line":113,"column":0},"end":{"line":113,"column":27}},"113":{"start":{"line":114,"column":0},"end":{"line":114,"column":22}},"114":{"start":{"line":115,"column":0},"end":{"line":115,"column":18}},"115":{"start":{"line":116,"column":0},"end":{"line":116,"column":84}},"116":{"start":{"line":117,"column":0},"end":{"line":117,"column":45}},"117":{"start":{"line":118,"column":0},"end":{"line":118,"column":17}},"118":{"start":{"line":119,"column":0},"end":{"line":119,"column":54}},"119":{"start":{"line":120,"column":0},"end":{"line":120,"column":46}},"120":{"start":{"line":121,"column":0},"end":{"line":121,"column":47}},"121":{"start":{"line":122,"column":0},"end":{"line":122,"column":20}},"122":{"start":{"line":123,"column":0},"end":{"line":123,"column":19}},"123":{"start":{"line":124,"column":0},"end":{"line":124,"column":17}},"124":{"start":{"line":125,"column":0},"end":{"line":125,"column":62}},"125":{"start":{"line":126,"column":0},"end":{"line":126,"column":71}},"126":{"start":{"line":127,"column":0},"end":{"line":127,"column":17}},"127":{"start":{"line":128,"column":0},"end":{"line":128,"column":20}},"128":{"start":{"line":129,"column":0},"end":{"line":129,"column":12}},"129":{"start":{"line":130,"column":0},"end":{"line":130,"column":10}},"130":{"start":{"line":131,"column":0},"end":{"line":131,"column":4}},"131":{"start":{"line":132,"column":0},"end":{"line":132,"column":2}}},"s":{"0":1,"1":1,"2":1,"3":1,"4":1,"5":1,"6":1,"7":1,"8":1,"9":1,"10":1,"11":1,"12":1,"13":1,"14":1,"15":1,"16":1,"17":1,"18":32,"19":32,"20":1,"21":1,"22":6,"23":6,"24":6,"25":6,"26":6,"27":6,"28":0,"29":0,"30":0,"31":0,"32":0,"33":0,"34":6,"35":6,"36":6,"37":6,"38":6,"39":6,"40":14,"41":6,"42":6,"43":6,"44":6,"45":6,"46":6,"47":6,"48":6,"49":6,"50":6,"51":6,"52":6,"53":6,"54":6,"55":6,"56":6,"57":6,"58":6,"59":6,"60":6,"61":6,"62":6,"63":6,"64":6,"65":6,"66":6,"67":6,"68":6,"69":6,"70":6,"71":6,"72":6,"73":6,"74":3,"75":3,"76":6,"77":6,"78":6,"79":6,"80":6,"81":14,"82":14,"83":14,"84":14,"85":14,"86":14,"87":14,"88":14,"89":14,"90":14,"91":14,"92":14,"93":14,"94":14,"95":14,"96":14,"97":7,"98":7,"99":14,"100":14,"101":6,"102":6,"103":6,"104":6,"105":6,"106":6,"107":6,"108":6,"109":6,"110":3,"111":3,"112":6,"113":6,"114":6,"115":6,"116":6,"117":6,"118":6,"119":3,"120":3,"121":6,"122":6,"123":6,"124":6,"125":6,"126":6,"127":6,"128":6,"129":6,"130":6,"131":6},"branchMap":{"0":{"type":"branch","line":18,"loc":{"start":{"line":18,"column":24},"end":{"line":20,"column":2}},"locations":[{"start":{"line":18,"column":24},"end":{"line":20,"column":2}}]},"1":{"type":"branch","line":22,"loc":{"start":{"line":22,"column":35},"end":{"line":132,"column":2}},"locations":[{"start":{"line":22,"column":35},"end":{"line":132,"column":2}}]},"2":{"type":"branch","line":74,"loc":{"start":{"line":74,"column":45},"end":{"line":75,"column":49}},"locations":[{"start":{"line":74,"column":45},"end":{"line":75,"column":49}}]},"3":{"type":"branch","line":75,"loc":{"start":{"line":75,"column":35},"end":{"line":76,"column":50}},"locations":[{"start":{"line":75,"column":35},"end":{"line":76,"column":50}}]},"4":{"type":"branch","line":110,"loc":{"start":{"line":110,"column":46},"end":{"line":111,"column":35}},"locations":[{"start":{"line":110,"column":46},"end":{"line":111,"column":35}}]},"5":{"type":"branch","line":111,"loc":{"start":{"line":111,"column":24},"end":{"line":112,"column":34}},"locations":[{"start":{"line":111,"column":24},"end":{"line":112,"column":34}}]},"6":{"type":"branch","line":119,"loc":{"start":{"line":119,"column":45},"end":{"line":120,"column":46}},"locations":[{"start":{"line":119,"column":45},"end":{"line":120,"column":46}}]},"7":{"type":"branch","line":120,"loc":{"start":{"line":120,"column":40},"end":{"line":121,"column":47}},"locations":[{"start":{"line":120,"column":40},"end":{"line":121,"column":47}}]},"8":{"type":"branch","line":36,"loc":{"start":{"line":36,"column":24},"end":{"line":45,"column":4}},"locations":[{"start":{"line":36,"column":24},"end":{"line":45,"column":4}}]},"9":{"type":"branch","line":40,"loc":{"start":{"line":40,"column":28},"end":{"line":42,"column":5}},"locations":[{"start":{"line":40,"column":28},"end":{"line":42,"column":5}}]},"10":{"type":"branch","line":81,"loc":{"start":{"line":81,"column":16},"end":{"line":101,"column":23}},"locations":[{"start":{"line":81,"column":16},"end":{"line":101,"column":23}}]},"11":{"type":"branch","line":97,"loc":{"start":{"line":97,"column":49},"end":{"line":98,"column":54}},"locations":[{"start":{"line":97,"column":49},"end":{"line":98,"column":54}}]},"12":{"type":"branch","line":98,"loc":{"start":{"line":98,"column":38},"end":{"line":99,"column":55}},"locations":[{"start":{"line":98,"column":38},"end":{"line":99,"column":55}}]},"13":{"type":"branch","line":132,"loc":{"start":{"line":132,"column":0},"end":{"line":132,"column":2}},"locations":[{"start":{"line":132,"column":0},"end":{"line":132,"column":2}}]}},"b":{"0":[32],"1":[6],"2":[3],"3":[3],"4":[3],"5":[3],"6":[3],"7":[3],"8":[6],"9":[14],"10":[14],"11":[7],"12":[7],"13":[6]},"fnMap":{"0":{"name":"capitalizeFirst","decl":{"start":{"line":18,"column":24},"end":{"line":20,"column":2}},"loc":{"start":{"line":18,"column":24},"end":{"line":20,"column":2}},"line":18},"1":{"name":"StepFour","decl":{"start":{"line":22,"column":35},"end":{"line":132,"column":2}},"loc":{"start":{"line":22,"column":35},"end":{"line":132,"column":2}},"line":22},"2":{"name":"submitUserData","decl":{"start":{"line":28,"column":25},"end":{"line":34,"column":4}},"loc":{"start":{"line":28,"column":25},"end":{"line":34,"column":4}},"line":28},"3":{"name":"getTotalPrice","decl":{"start":{"line":36,"column":24},"end":{"line":45,"column":4}},"loc":{"start":{"line":36,"column":24},"end":{"line":45,"column":4}},"line":36},"4":{"name":"get","decl":{"start":{"line":132,"column":0},"end":{"line":132,"column":2}},"loc":{"start":{"line":132,"column":0},"end":{"line":132,"column":2}},"line":132}},"f":{"0":32,"1":6,"2":0,"3":6,"4":6}}
,"/home/jjoadev/Documents/desarrollo/projects/multi-step-form-main/code/src/components/Steps/StepHeader.tsx": {"path":"/home/jjoadev/Documents/desarrollo/projects/multi-step-form-main/code/src/components/Steps/StepHeader.tsx","all":false,"statementMap":{"0":{"start":{"line":1,"column":0},"end":{"line":1,"column":34}},"1":{"start":{"line":2,"column":0},"end":{"line":2,"column":0}},"2":{"start":{"line":3,"column":0},"end":{"line":3,"column":14}},"3":{"start":{"line":4,"column":0},"end":{"line":4,"column":18}},"4":{"start":{"line":5,"column":0},"end":{"line":5,"column":17}},"5":{"start":{"line":6,"column":0},"end":{"line":6,"column":2}},"6":{"start":{"line":7,"column":0},"end":{"line":7,"column":0}},"7":{"start":{"line":8,"column":0},"end":{"line":8,"column":75}},"8":{"start":{"line":9,"column":0},"end":{"line":9,"column":0}},"9":{"start":{"line":10,"column":0},"end":{"line":10,"column":61}},"10":{"start":{"line":11,"column":0},"end":{"line":11,"column":10}},"11":{"start":{"line":12,"column":0},"end":{"line":12,"column":191}},"12":{"start":{"line":13,"column":0},"end":{"line":13,"column":130}},"13":{"start":{"line":14,"column":0},"end":{"line":14,"column":30}},"14":{"start":{"line":15,"column":0},"end":{"line":15,"column":70}},"15":{"start":{"line":16,"column":0},"end":{"line":16,"column":16}},"16":{"start":{"line":17,"column":0},"end":{"line":17,"column":25}},"17":{"start":{"line":18,"column":0},"end":{"line":18,"column":108}},"18":{"start":{"line":19,"column":0},"end":{"line":19,"column":70}},"19":{"start":{"line":20,"column":0},"end":{"line":20,"column":15}},"20":{"start":{"line":21,"column":0},"end":{"line":21,"column":13}},"21":{"start":{"line":22,"column":0},"end":{"line":22,"column":27}},"22":{"start":{"line":23,"column":0},"end":{"line":23,"column":18}},"23":{"start":{"line":24,"column":0},"end":{"line":24,"column":75}},"24":{"start":{"line":25,"column":0},"end":{"line":25,"column":69}},"25":{"start":{"line":26,"column":0},"end":{"line":26,"column":70}},"26":{"start":{"line":27,"column":0},"end":{"line":27,"column":18}},"27":{"start":{"line":28,"column":0},"end":{"line":28,"column":15}},"28":{"start":{"line":29,"column":0},"end":{"line":29,"column":11}},"29":{"start":{"line":30,"column":0},"end":{"line":30,"column":11}},"30":{"start":{"line":31,"column":0},"end":{"line":31,"column":13}},"31":{"start":{"line":32,"column":0},"end":{"line":32,"column":4}},"32":{"start":{"line":33,"column":0},"end":{"line":33,"column":2}}},"s":{"0":1,"1":1,"2":1,"3":1,"4":1,"5":1,"6":1,"7":1,"8":1,"9":1,"10":21,"11":21,"12":21,"13":21,"14":84,"15":84,"16":84,"17":84,"18":84,"19":84,"20":84,"21":84,"22":84,"23":84,"24":84,"25":84,"26":84,"27":84,"28":21,"29":21,"30":21,"31":21,"32":21},"branchMap":{"0":{"type":"branch","line":10,"loc":{"start":{"line":10,"column":37},"end":{"line":33,"column":2}},"locations":[{"start":{"line":10,"column":37},"end":{"line":33,"column":2}}]},"1":{"type":"branch","line":14,"loc":{"start":{"line":14,"column":19},"end":{"line":28,"column":15}},"locations":[{"start":{"line":14,"column":19},"end":{"line":28,"column":15}}]},"2":{"type":"branch","line":19,"loc":{"start":{"line":19,"column":28},"end":{"line":19,"column":67}},"locations":[{"start":{"line":19,"column":28},"end":{"line":19,"column":67}}]},"3":{"type":"branch","line":19,"loc":{"start":{"line":19,"column":35},"end":{"line":19,"column":70}},"locations":[{"start":{"line":19,"column":35},"end":{"line":19,"column":70}}]},"4":{"type":"branch","line":33,"loc":{"start":{"line":33,"column":0},"end":{"line":33,"column":2}},"locations":[{"start":{"line":33,"column":0},"end":{"line":33,"column":2}}]}},"b":{"0":[21],"1":[84],"2":[21],"3":[63],"4":[21]},"fnMap":{"0":{"name":"StepHeader","decl":{"start":{"line":10,"column":37},"end":{"line":33,"column":2}},"loc":{"start":{"line":10,"column":37},"end":{"line":33,"column":2}},"line":10},"1":{"name":"get","decl":{"start":{"line":33,"column":0},"end":{"line":33,"column":2}},"loc":{"start":{"line":33,"column":0},"end":{"line":33,"column":2}},"line":33}},"f":{"0":21,"1":21}}
,"/home/jjoadev/Documents/desarrollo/projects/multi-step-form-main/code/src/components/Steps/StepOne.tsx": {"path":"/home/jjoadev/Documents/desarrollo/projects/multi-step-form-main/code/src/components/Steps/StepOne.tsx","all":false,"statementMap":{"0":{"start":{"line":1,"column":0},"end":{"line":1,"column":57}},"1":{"start":{"line":2,"column":0},"end":{"line":2,"column":0}},"2":{"start":{"line":3,"column":0},"end":{"line":3,"column":51}},"3":{"start":{"line":4,"column":0},"end":{"line":4,"column":41}},"4":{"start":{"line":5,"column":0},"end":{"line":5,"column":31}},"5":{"start":{"line":6,"column":0},"end":{"line":6,"column":35}},"6":{"start":{"line":7,"column":0},"end":{"line":7,"column":0}},"7":{"start":{"line":8,"column":0},"end":{"line":8,"column":42}},"8":{"start":{"line":9,"column":0},"end":{"line":9,"column":0}},"9":{"start":{"line":10,"column":0},"end":{"line":10,"column":14}},"10":{"start":{"line":11,"column":0},"end":{"line":11,"column":17}},"11":{"start":{"line":12,"column":0},"end":{"line":12,"column":23}},"12":{"start":{"line":13,"column":0},"end":{"line":13,"column":49}},"13":{"start":{"line":14,"column":0},"end":{"line":14,"column":2}},"14":{"start":{"line":15,"column":0},"end":{"line":15,"column":0}},"15":{"start":{"line":16,"column":0},"end":{"line":16,"column":35}},"16":{"start":{"line":17,"column":0},"end":{"line":17,"column":153}},"17":{"start":{"line":18,"column":0},"end":{"line":18,"column":2}},"18":{"start":{"line":19,"column":0},"end":{"line":19,"column":0}},"19":{"start":{"line":20,"column":0},"end":{"line":20,"column":35}},"20":{"start":{"line":21,"column":0},"end":{"line":21,"column":50}},"21":{"start":{"line":22,"column":0},"end":{"line":22,"column":2}},"22":{"start":{"line":23,"column":0},"end":{"line":23,"column":0}},"23":{"start":{"line":24,"column":0},"end":{"line":24,"column":60}},"24":{"start":{"line":25,"column":0},"end":{"line":25,"column":0}},"25":{"start":{"line":26,"column":0},"end":{"line":26,"column":79}},"26":{"start":{"line":27,"column":0},"end":{"line":27,"column":61}},"27":{"start":{"line":28,"column":0},"end":{"line":28,"column":0}},"28":{"start":{"line":29,"column":0},"end":{"line":29,"column":38}},"29":{"start":{"line":30,"column":0},"end":{"line":30,"column":23}},"30":{"start":{"line":31,"column":0},"end":{"line":31,"column":32}},"31":{"start":{"line":32,"column":0},"end":{"line":32,"column":4}},"32":{"start":{"line":33,"column":0},"end":{"line":33,"column":0}},"33":{"start":{"line":34,"column":0},"end":{"line":34,"column":30}},"34":{"start":{"line":35,"column":0},"end":{"line":35,"column":76}},"35":{"start":{"line":36,"column":0},"end":{"line":36,"column":0}},"36":{"start":{"line":37,"column":0},"end":{"line":37,"column":69}},"37":{"start":{"line":38,"column":0},"end":{"line":38,"column":40}},"38":{"start":{"line":39,"column":0},"end":{"line":39,"column":0}},"39":{"start":{"line":40,"column":0},"end":{"line":40,"column":28}},"40":{"start":{"line":41,"column":0},"end":{"line":41,"column":22}},"41":{"start":{"line":42,"column":0},"end":{"line":42,"column":5}},"42":{"start":{"line":43,"column":0},"end":{"line":43,"column":0}},"43":{"start":{"line":44,"column":0},"end":{"line":44,"column":69}},"44":{"start":{"line":45,"column":0},"end":{"line":45,"column":54}},"45":{"start":{"line":46,"column":0},"end":{"line":46,"column":4}},"46":{"start":{"line":47,"column":0},"end":{"line":47,"column":0}},"47":{"start":{"line":48,"column":0},"end":{"line":48,"column":31}},"48":{"start":{"line":49,"column":0},"end":{"line":49,"column":76}},"49":{"start":{"line":50,"column":0},"end":{"line":50,"column":0}},"50":{"start":{"line":51,"column":0},"end":{"line":51,"column":69}},"51":{"start":{"line":52,"column":0},"end":{"line":52,"column":40}},"52":{"start":{"line":53,"column":0},"end":{"line":53,"column":0}},"53":{"start":{"line":54,"column":0},"end":{"line":54,"column":28}},"54":{"start":{"line":55,"column":0},"end":{"line":55,"column":22}},"55":{"start":{"line":56,"column":0},"end":{"line":56,"column":5}},"56":{"start":{"line":57,"column":0},"end":{"line":57,"column":0}},"57":{"start":{"line":58,"column":0},"end":{"line":58,"column":69}},"58":{"start":{"line":59,"column":0},"end":{"line":59,"column":54}},"59":{"start":{"line":60,"column":0},"end":{"line":60,"column":4}},"60":{"start":{"line":61,"column":0},"end":{"line":61,"column":0}},"61":{"start":{"line":62,"column":0},"end":{"line":62,"column":30}},"62":{"start":{"line":63,"column":0},"end":{"line":63,"column":73}},"63":{"start":{"line":64,"column":0},"end":{"line":64,"column":0}},"64":{"start":{"line":65,"column":0},"end":{"line":65,"column":66}},"65":{"start":{"line":66,"column":0},"end":{"line":66,"column":40}},"66":{"start":{"line":67,"column":0},"end":{"line":67,"column":0}},"67":{"start":{"line":68,"column":0},"end":{"line":68,"column":27}},"68":{"start":{"line":69,"column":0},"end":{"line":69,"column":22}},"69":{"start":{"line":70,"column":0},"end":{"line":70,"column":5}},"70":{"start":{"line":71,"column":0},"end":{"line":71,"column":0}},"71":{"start":{"line":72,"column":0},"end":{"line":72,"column":66}},"72":{"start":{"line":73,"column":0},"end":{"line":73,"column":53}},"73":{"start":{"line":74,"column":0},"end":{"line":74,"column":4}},"74":{"start":{"line":75,"column":0},"end":{"line":75,"column":0}},"75":{"start":{"line":76,"column":0},"end":{"line":76,"column":71}},"76":{"start":{"line":77,"column":0},"end":{"line":77,"column":30}},"77":{"start":{"line":78,"column":0},"end":{"line":78,"column":19}},"78":{"start":{"line":79,"column":0},"end":{"line":79,"column":23}},"79":{"start":{"line":80,"column":0},"end":{"line":80,"column":14}},"80":{"start":{"line":81,"column":0},"end":{"line":81,"column":19}},"81":{"start":{"line":82,"column":0},"end":{"line":82,"column":24}},"82":{"start":{"line":83,"column":0},"end":{"line":83,"column":14}},"83":{"start":{"line":84,"column":0},"end":{"line":84,"column":18}},"84":{"start":{"line":85,"column":0},"end":{"line":85,"column":23}},"85":{"start":{"line":86,"column":0},"end":{"line":86,"column":14}},"86":{"start":{"line":87,"column":0},"end":{"line":87,"column":5}},"87":{"start":{"line":88,"column":0},"end":{"line":88,"column":4}},"88":{"start":{"line":89,"column":0},"end":{"line":89,"column":0}},"89":{"start":{"line":90,"column":0},"end":{"line":90,"column":10}},"90":{"start":{"line":91,"column":0},"end":{"line":91,"column":109}},"91":{"start":{"line":92,"column":0},"end":{"line":92,"column":52}},"92":{"start":{"line":93,"column":0},"end":{"line":93,"column":98}},"93":{"start":{"line":94,"column":0},"end":{"line":94,"column":19}},"94":{"start":{"line":95,"column":0},"end":{"line":95,"column":17}},"95":{"start":{"line":96,"column":0},"end":{"line":96,"column":76}},"96":{"start":{"line":97,"column":0},"end":{"line":97,"column":33}},"97":{"start":{"line":98,"column":0},"end":{"line":98,"column":12}},"98":{"start":{"line":99,"column":0},"end":{"line":99,"column":0}},"99":{"start":{"line":100,"column":0},"end":{"line":100,"column":15}},"100":{"start":{"line":101,"column":0},"end":{"line":101,"column":74}},"101":{"start":{"line":102,"column":0},"end":{"line":102,"column":37}},"102":{"start":{"line":103,"column":0},"end":{"line":103,"column":11}},"103":{"start":{"line":104,"column":0},"end":{"line":104,"column":18}},"104":{"start":{"line":105,"column":0},"end":{"line":105,"column":97}},"105":{"start":{"line":106,"column":0},"end":{"line":106,"column":28}},"106":{"start":{"line":107,"column":0},"end":{"line":107,"column":13}},"107":{"start":{"line":108,"column":0},"end":{"line":108,"column":65}},"108":{"start":{"line":109,"column":0},"end":{"line":109,"column":50}},"109":{"start":{"line":110,"column":0},"end":{"line":110,"column":0}},"110":{"start":{"line":111,"column":0},"end":{"line":111,"column":38}},"111":{"start":{"line":112,"column":0},"end":{"line":112,"column":74}},"112":{"start":{"line":113,"column":0},"end":{"line":113,"column":45}},"113":{"start":{"line":114,"column":0},"end":{"line":114,"column":22}},"114":{"start":{"line":115,"column":0},"end":{"line":115,"column":25}},"115":{"start":{"line":116,"column":0},"end":{"line":116,"column":20}},"116":{"start":{"line":117,"column":0},"end":{"line":117,"column":20}},"117":{"start":{"line":118,"column":0},"end":{"line":118,"column":24}},"118":{"start":{"line":119,"column":0},"end":{"line":119,"column":27}},"119":{"start":{"line":120,"column":0},"end":{"line":120,"column":107}},"120":{"start":{"line":121,"column":0},"end":{"line":121,"column":36}},"121":{"start":{"line":122,"column":0},"end":{"line":122,"column":87}},"122":{"start":{"line":123,"column":0},"end":{"line":123,"column":25}},"123":{"start":{"line":124,"column":0},"end":{"line":124,"column":17}},"124":{"start":{"line":125,"column":0},"end":{"line":125,"column":42}},"125":{"start":{"line":126,"column":0},"end":{"line":126,"column":44}},"126":{"start":{"line":127,"column":0},"end":{"line":127,"column":25}},"127":{"start":{"line":128,"column":0},"end":{"line":128,"column":47}},"128":{"start":{"line":129,"column":0},"end":{"line":129,"column":27}},"129":{"start":{"line":130,"column":0},"end":{"line":130,"column":49}},"130":{"start":{"line":131,"column":0},"end":{"line":131,"column":49}},"131":{"start":{"line":132,"column":0},"end":{"line":132,"column":16}},"132":{"start":{"line":133,"column":0},"end":{"line":133,"column":20}},"133":{"start":{"line":134,"column":0},"end":{"line":134,"column":0}},"134":{"start":{"line":135,"column":0},"end":{"line":135,"column":18}},"135":{"start":{"line":136,"column":0},"end":{"line":136,"column":97}},"136":{"start":{"line":137,"column":0},"end":{"line":137,"column":29}},"137":{"start":{"line":138,"column":0},"end":{"line":138,"column":13}},"138":{"start":{"line":139,"column":0},"end":{"line":139,"column":65}},"139":{"start":{"line":140,"column":0},"end":{"line":140,"column":51}},"140":{"start":{"line":141,"column":0},"end":{"line":141,"column":0}},"141":{"start":{"line":142,"column":0},"end":{"line":142,"column":39}},"142":{"start":{"line":143,"column":0},"end":{"line":143,"column":74}},"143":{"start":{"line":144,"column":0},"end":{"line":144,"column":46}},"144":{"start":{"line":145,"column":0},"end":{"line":145,"column":22}},"145":{"start":{"line":146,"column":0},"end":{"line":146,"column":25}},"146":{"start":{"line":147,"column":0},"end":{"line":147,"column":20}},"147":{"start":{"line":148,"column":0},"end":{"line":148,"column":20}},"148":{"start":{"line":149,"column":0},"end":{"line":149,"column":24}},"149":{"start":{"line":150,"column":0},"end":{"line":150,"column":27}},"150":{"start":{"line":151,"column":0},"end":{"line":151,"column":107}},"151":{"start":{"line":152,"column":0},"end":{"line":152,"column":37}},"152":{"start":{"line":153,"column":0},"end":{"line":153,"column":87}},"153":{"start":{"line":154,"column":0},"end":{"line":154,"column":25}},"154":{"start":{"line":155,"column":0},"end":{"line":155,"column":17}},"155":{"start":{"line":156,"column":0},"end":{"line":156,"column":43}},"156":{"start":{"line":157,"column":0},"end":{"line":157,"column":45}},"157":{"start":{"line":158,"column":0},"end":{"line":158,"column":26}},"158":{"start":{"line":159,"column":0},"end":{"line":159,"column":56}},"159":{"start":{"line":160,"column":0},"end":{"line":160,"column":27}},"160":{"start":{"line":161,"column":0},"end":{"line":161,"column":50}},"161":{"start":{"line":162,"column":0},"end":{"line":162,"column":50}},"162":{"start":{"line":163,"column":0},"end":{"line":163,"column":16}},"163":{"start":{"line":164,"column":0},"end":{"line":164,"column":20}},"164":{"start":{"line":165,"column":0},"end":{"line":165,"column":0}},"165":{"start":{"line":166,"column":0},"end":{"line":166,"column":18}},"166":{"start":{"line":167,"column":0},"end":{"line":167,"column":97}},"167":{"start":{"line":168,"column":0},"end":{"line":168,"column":29}},"168":{"start":{"line":169,"column":0},"end":{"line":169,"column":13}},"169":{"start":{"line":170,"column":0},"end":{"line":170,"column":65}},"170":{"start":{"line":171,"column":0},"end":{"line":171,"column":61}},"171":{"start":{"line":172,"column":0},"end":{"line":172,"column":0}},"172":{"start":{"line":173,"column":0},"end":{"line":173,"column":39}},"173":{"start":{"line":174,"column":0},"end":{"line":174,"column":74}},"174":{"start":{"line":175,"column":0},"end":{"line":175,"column":53}},"175":{"start":{"line":176,"column":0},"end":{"line":176,"column":22}},"176":{"start":{"line":177,"column":0},"end":{"line":177,"column":25}},"177":{"start":{"line":178,"column":0},"end":{"line":178,"column":20}},"178":{"start":{"line":179,"column":0},"end":{"line":179,"column":20}},"179":{"start":{"line":180,"column":0},"end":{"line":180,"column":24}},"180":{"start":{"line":181,"column":0},"end":{"line":181,"column":27}},"181":{"start":{"line":182,"column":0},"end":{"line":182,"column":107}},"182":{"start":{"line":183,"column":0},"end":{"line":183,"column":37}},"183":{"start":{"line":184,"column":0},"end":{"line":184,"column":87}},"184":{"start":{"line":185,"column":0},"end":{"line":185,"column":25}},"185":{"start":{"line":186,"column":0},"end":{"line":186,"column":17}},"186":{"start":{"line":187,"column":0},"end":{"line":187,"column":43}},"187":{"start":{"line":188,"column":0},"end":{"line":188,"column":45}},"188":{"start":{"line":189,"column":0},"end":{"line":189,"column":26}},"189":{"start":{"line":190,"column":0},"end":{"line":190,"column":50}},"190":{"start":{"line":191,"column":0},"end":{"line":191,"column":27}},"191":{"start":{"line":192,"column":0},"end":{"line":192,"column":50}},"192":{"start":{"line":193,"column":0},"end":{"line":193,"column":50}},"193":{"start":{"line":194,"column":0},"end":{"line":194,"column":16}},"194":{"start":{"line":195,"column":0},"end":{"line":195,"column":20}},"195":{"start":{"line":196,"column":0},"end":{"line":196,"column":71}},"196":{"start":{"line":197,"column":0},"end":{"line":197,"column":17}},"197":{"start":{"line":198,"column":0},"end":{"line":198,"column":20}},"198":{"start":{"line":199,"column":0},"end":{"line":199,"column":12}},"199":{"start":{"line":200,"column":0},"end":{"line":200,"column":10}},"200":{"start":{"line":201,"column":0},"end":{"line":201,"column":4}},"201":{"start":{"line":202,"column":0},"end":{"line":202,"column":2}}},"s":{"0":1,"1":1,"2":1,"3":1,"4":1,"5":1,"6":1,"7":1,"8":1,"9":1,"10":1,"11":1,"12":1,"13":1,"14":1,"15":1,"16":1,"17":1,"18":1,"19":1,"20":1,"21":1,"22":1,"23":1,"24":1,"25":1,"26":8,"27":8,"28":8,"29":0,"30":0,"31":0,"32":8,"33":8,"34":1,"35":1,"36":1,"37":0,"38":0,"39":0,"40":0,"41":0,"42":1,"43":1,"44":1,"45":1,"46":8,"47":8,"48":1,"49":1,"50":1,"51":0,"52":0,"53":0,"54":0,"55":0,"56":1,"57":1,"58":1,"59":1,"60":8,"61":8,"62":1,"63":1,"64":1,"65":0,"66":0,"67":0,"68":0,"69":0,"70":1,"71":1,"72":1,"73":1,"74":8,"75":8,"76":3,"77":3,"78":1,"79":1,"80":3,"81":1,"82":1,"83":3,"84":1,"85":1,"86":3,"87":3,"88":8,"89":8,"90":8,"91":8,"92":8,"93":8,"94":8,"95":8,"96":8,"97":8,"98":8,"99":8,"100":8,"101":8,"102":8,"103":8,"104":8,"105":8,"106":8,"107":8,"108":8,"109":8,"110":8,"111":1,"112":1,"113":1,"114":7,"115":8,"116":8,"117":8,"118":8,"119":8,"120":8,"121":1,"122":7,"123":8,"124":8,"125":8,"126":8,"127":8,"128":8,"129":8,"130":8,"131":8,"132":8,"133":8,"134":8,"135":8,"136":8,"137":8,"138":8,"139":8,"140":8,"141":8,"142":2,"143":2,"144":2,"145":6,"146":8,"147":8,"148":8,"149":8,"150":8,"151":8,"152":2,"153":6,"154":8,"155":8,"156":8,"157":8,"158":8,"159":8,"160":8,"161":8,"162":8,"163":8,"164":8,"165":8,"166":8,"167":8,"168":8,"169":8,"170":8,"171":8,"172":8,"173":1,"174":1,"175":1,"176":7,"177":8,"178":8,"179":8,"180":8,"181":8,"182":8,"183":1,"184":7,"185":8,"186":8,"187":8,"188":8,"189":8,"190":8,"191":8,"192":8,"193":8,"194":8,"195":8,"196":8,"197":8,"198":8,"199":8,"200":8,"201":5},"branchMap":{"0":{"type":"branch","line":26,"loc":{"start":{"line":26,"column":34},"end":{"line":202,"column":2}},"locations":[{"start":{"line":26,"column":34},"end":{"line":202,"column":2}}]},"1":{"type":"branch","line":111,"loc":{"start":{"line":111,"column":33},"end":{"line":114,"column":22}},"locations":[{"start":{"line":111,"column":33},"end":{"line":114,"column":22}}]},"2":{"type":"branch","line":114,"loc":{"start":{"line":114,"column":18},"end":{"line":115,"column":25}},"locations":[{"start":{"line":114,"column":18},"end":{"line":115,"column":25}}]},"3":{"type":"branch","line":121,"loc":{"start":{"line":121,"column":35},"end":{"line":122,"column":87}},"locations":[{"start":{"line":121,"column":35},"end":{"line":122,"column":87}}]},"4":{"type":"branch","line":122,"loc":{"start":{"line":122,"column":22},"end":{"line":123,"column":25}},"locations":[{"start":{"line":122,"column":22},"end":{"line":123,"column":25}}]},"5":{"type":"branch","line":142,"loc":{"start":{"line":142,"column":34},"end":{"line":145,"column":22}},"locations":[{"start":{"line":142,"column":34},"end":{"line":145,"column":22}}]},"6":{"type":"branch","line":145,"loc":{"start":{"line":145,"column":18},"end":{"line":146,"column":25}},"locations":[{"start":{"line":145,"column":18},"end":{"line":146,"column":25}}]},"7":{"type":"branch","line":152,"loc":{"start":{"line":152,"column":36},"end":{"line":153,"column":87}},"locations":[{"start":{"line":152,"column":36},"end":{"line":153,"column":87}}]},"8":{"type":"branch","line":153,"loc":{"start":{"line":153,"column":22},"end":{"line":154,"column":25}},"locations":[{"start":{"line":153,"column":22},"end":{"line":154,"column":25}}]},"9":{"type":"branch","line":173,"loc":{"start":{"line":173,"column":34},"end":{"line":176,"column":22}},"locations":[{"start":{"line":173,"column":34},"end":{"line":176,"column":22}}]},"10":{"type":"branch","line":176,"loc":{"start":{"line":176,"column":18},"end":{"line":177,"column":25}},"locations":[{"start":{"line":176,"column":18},"end":{"line":177,"column":25}}]},"11":{"type":"branch","line":183,"loc":{"start":{"line":183,"column":36},"end":{"line":184,"column":87}},"locations":[{"start":{"line":183,"column":36},"end":{"line":184,"column":87}}]},"12":{"type":"branch","line":184,"loc":{"start":{"line":184,"column":22},"end":{"line":185,"column":25}},"locations":[{"start":{"line":184,"column":22},"end":{"line":185,"column":25}}]},"13":{"type":"branch","line":34,"loc":{"start":{"line":34,"column":23},"end":{"line":46,"column":4}},"locations":[{"start":{"line":34,"column":23},"end":{"line":46,"column":4}}]},"14":{"type":"branch","line":35,"loc":{"start":{"line":35,"column":43},"end":{"line":35,"column":69}},"locations":[{"start":{"line":35,"column":43},"end":{"line":35,"column":69}}]},"15":{"type":"branch","line":35,"loc":{"start":{"line":35,"column":69},"end":{"line":35,"column":76}},"locations":[{"start":{"line":35,"column":69},"end":{"line":35,"column":76}}]},"16":{"type":"branch","line":37,"loc":{"start":{"line":37,"column":43},"end":{"line":37,"column":68}},"locations":[{"start":{"line":37,"column":43},"end":{"line":37,"column":68}}]},"17":{"type":"branch","line":37,"loc":{"start":{"line":37,"column":68},"end":{"line":42,"column":5}},"locations":[{"start":{"line":37,"column":68},"end":{"line":42,"column":5}}]},"18":{"type":"branch","line":45,"loc":{"start":{"line":45,"column":15},"end":{"line":45,"column":52}},"locations":[{"start":{"line":45,"column":15},"end":{"line":45,"column":52}}]},"19":{"type":"branch","line":48,"loc":{"start":{"line":48,"column":24},"end":{"line":60,"column":4}},"locations":[{"start":{"line":48,"column":24},"end":{"line":60,"column":4}}]},"20":{"type":"branch","line":49,"loc":{"start":{"line":49,"column":43},"end":{"line":49,"column":69}},"locations":[{"start":{"line":49,"column":43},"end":{"line":49,"column":69}}]},"21":{"type":"branch","line":49,"loc":{"start":{"line":49,"column":69},"end":{"line":49,"column":76}},"locations":[{"start":{"line":49,"column":69},"end":{"line":49,"column":76}}]},"22":{"type":"branch","line":51,"loc":{"start":{"line":51,"column":43},"end":{"line":51,"column":68}},"locations":[{"start":{"line":51,"column":43},"end":{"line":51,"column":68}}]},"23":{"type":"branch","line":51,"loc":{"start":{"line":51,"column":68},"end":{"line":56,"column":5}},"locations":[{"start":{"line":51,"column":68},"end":{"line":56,"column":5}}]},"24":{"type":"branch","line":59,"loc":{"start":{"line":59,"column":15},"end":{"line":59,"column":52}},"locations":[{"start":{"line":59,"column":15},"end":{"line":59,"column":52}}]},"25":{"type":"branch","line":62,"loc":{"start":{"line":62,"column":23},"end":{"line":74,"column":4}},"locations":[{"start":{"line":62,"column":23},"end":{"line":74,"column":4}}]},"26":{"type":"branch","line":63,"loc":{"start":{"line":63,"column":41},"end":{"line":63,"column":66}},"locations":[{"start":{"line":63,"column":41},"end":{"line":63,"column":66}}]},"27":{"type":"branch","line":63,"loc":{"start":{"line":63,"column":66},"end":{"line":63,"column":73}},"locations":[{"start":{"line":63,"column":66},"end":{"line":63,"column":73}}]},"28":{"type":"branch","line":65,"loc":{"start":{"line":65,"column":41},"end":{"line":65,"column":65}},"locations":[{"start":{"line":65,"column":41},"end":{"line":65,"column":65}}]},"29":{"type":"branch","line":65,"loc":{"start":{"line":65,"column":65},"end":{"line":70,"column":5}},"locations":[{"start":{"line":65,"column":65},"end":{"line":70,"column":5}}]},"30":{"type":"branch","line":73,"loc":{"start":{"line":73,"column":15},"end":{"line":73,"column":51}},"locations":[{"start":{"line":73,"column":15},"end":{"line":73,"column":51}}]},"31":{"type":"branch","line":76,"loc":{"start":{"line":76,"column":21},"end":{"line":88,"column":4}},"locations":[{"start":{"line":76,"column":21},"end":{"line":88,"column":4}}]},"32":{"type":"branch","line":78,"loc":{"start":{"line":78,"column":6},"end":{"line":80,"column":14}},"locations":[{"start":{"line":78,"column":6},"end":{"line":80,"column":14}}]},"33":{"type":"branch","line":81,"loc":{"start":{"line":81,"column":6},"end":{"line":83,"column":14}},"locations":[{"start":{"line":81,"column":6},"end":{"line":83,"column":14}}]},"34":{"type":"branch","line":84,"loc":{"start":{"line":84,"column":6},"end":{"line":86,"column":14}},"locations":[{"start":{"line":84,"column":6},"end":{"line":86,"column":14}}]},"35":{"type":"branch","line":130,"loc":{"start":{"line":130,"column":24},"end":{"line":130,"column":49}},"locations":[{"start":{"line":130,"column":24},"end":{"line":130,"column":49}}]},"36":{"type":"branch","line":161,"loc":{"start":{"line":161,"column":24},"end":{"line":161,"column":50}},"locations":[{"start":{"line":161,"column":24},"end":{"line":161,"column":50}}]},"37":{"type":"branch","line":192,"loc":{"start":{"line":192,"column":24},"end":{"line":192,"column":50}},"locations":[{"start":{"line":192,"column":24},"end":{"line":192,"column":50}}]},"38":{"type":"branch","line":202,"loc":{"start":{"line":202,"column":0},"end":{"line":202,"column":2}},"locations":[{"start":{"line":202,"column":0},"end":{"line":202,"column":2}}]}},"b":{"0":[8],"1":[1],"2":[7],"3":[1],"4":[7],"5":[2],"6":[6],"7":[2],"8":[6],"9":[1],"10":[7],"11":[1],"12":[7],"13":[1],"14":[0],"15":[0],"16":[0],"17":[0],"18":[1],"19":[1],"20":[0],"21":[0],"22":[0],"23":[0],"24":[1],"25":[1],"26":[0],"27":[0],"28":[0],"29":[0],"30":[1],"31":[3],"32":[1],"33":[1],"34":[1],"35":[1],"36":[1],"37":[1],"38":[5]},"fnMap":{"0":{"name":"StepOne","decl":{"start":{"line":26,"column":34},"end":{"line":202,"column":2}},"loc":{"start":{"line":26,"column":34},"end":{"line":202,"column":2}},"line":26},"1":{"name":"submitFormData","decl":{"start":{"line":29,"column":25},"end":{"line":32,"column":4}},"loc":{"start":{"line":29,"column":25},"end":{"line":32,"column":4}},"line":29},"2":{"name":"validateMail","decl":{"start":{"line":34,"column":23},"end":{"line":46,"column":4}},"loc":{"start":{"line":34,"column":23},"end":{"line":46,"column":4}},"line":34},"3":{"name":"validatePhone","decl":{"start":{"line":48,"column":24},"end":{"line":60,"column":4}},"loc":{"start":{"line":48,"column":24},"end":{"line":60,"column":4}},"line":48},"4":{"name":"validateName","decl":{"start":{"line":62,"column":23},"end":{"line":74,"column":4}},"loc":{"start":{"line":62,"column":23},"end":{"line":74,"column":4}},"line":62},"5":{"name":"handleBlur","decl":{"start":{"line":76,"column":21},"end":{"line":88,"column":4}},"loc":{"start":{"line":76,"column":21},"end":{"line":88,"column":4}},"line":76},"6":{"name":"onBlur","decl":{"start":{"line":130,"column":24},"end":{"line":130,"column":49}},"loc":{"start":{"line":130,"column":24},"end":{"line":130,"column":49}},"line":130},"7":{"name":"onBlur","decl":{"start":{"line":161,"column":24},"end":{"line":161,"column":50}},"loc":{"start":{"line":161,"column":24},"end":{"line":161,"column":50}},"line":161},"8":{"name":"onBlur","decl":{"start":{"line":192,"column":24},"end":{"line":192,"column":50}},"loc":{"start":{"line":192,"column":24},"end":{"line":192,"column":50}},"line":192},"9":{"name":"get","decl":{"start":{"line":202,"column":0},"end":{"line":202,"column":2}},"loc":{"start":{"line":202,"column":0},"end":{"line":202,"column":2}},"line":202}},"f":{"0":8,"1":0,"2":1,"3":1,"4":1,"5":3,"6":1,"7":1,"8":1,"9":5}}
,"/home/jjoadev/Documents/desarrollo/projects/multi-step-form-main/code/src/components/Steps/StepThree.tsx": {"path":"/home/jjoadev/Documents/desarrollo/projects/multi-step-form-main/code/src/components/Steps/StepThree.tsx","all":false,"statementMap":{"0":{"start":{"line":1,"column":0},"end":{"line":1,"column":27}},"1":{"start":{"line":2,"column":0},"end":{"line":2,"column":0}},"2":{"start":{"line":3,"column":0},"end":{"line":3,"column":33}},"3":{"start":{"line":4,"column":0},"end":{"line":4,"column":71}},"4":{"start":{"line":5,"column":0},"end":{"line":5,"column":31}},"5":{"start":{"line":6,"column":0},"end":{"line":6,"column":51}},"6":{"start":{"line":7,"column":0},"end":{"line":7,"column":51}},"7":{"start":{"line":8,"column":0},"end":{"line":8,"column":41}},"8":{"start":{"line":9,"column":0},"end":{"line":9,"column":35}},"9":{"start":{"line":10,"column":0},"end":{"line":10,"column":0}},"10":{"start":{"line":11,"column":0},"end":{"line":11,"column":42}},"11":{"start":{"line":12,"column":0},"end":{"line":12,"column":0}},"12":{"start":{"line":13,"column":0},"end":{"line":13,"column":14}},"13":{"start":{"line":14,"column":0},"end":{"line":14,"column":17}},"14":{"start":{"line":15,"column":0},"end":{"line":15,"column":23}},"15":{"start":{"line":16,"column":0},"end":{"line":16,"column":23}},"16":{"start":{"line":17,"column":0},"end":{"line":17,"column":72}},"17":{"start":{"line":18,"column":0},"end":{"line":18,"column":2}},"18":{"start":{"line":19,"column":0},"end":{"line":19,"column":0}},"19":{"start":{"line":20,"column":0},"end":{"line":20,"column":38}},"20":{"start":{"line":21,"column":0},"end":{"line":21,"column":11}},"21":{"start":{"line":22,"column":0},"end":{"line":22,"column":11}},"22":{"start":{"line":23,"column":0},"end":{"line":23,"column":11}},"23":{"start":{"line":24,"column":0},"end":{"line":24,"column":17}},"24":{"start":{"line":25,"column":0},"end":{"line":25,"column":7}},"25":{"start":{"line":26,"column":0},"end":{"line":26,"column":38}},"26":{"start":{"line":27,"column":0},"end":{"line":27,"column":23}},"27":{"start":{"line":28,"column":0},"end":{"line":28,"column":0}},"28":{"start":{"line":29,"column":0},"end":{"line":29,"column":24}},"29":{"start":{"line":30,"column":0},"end":{"line":30,"column":21}},"30":{"start":{"line":31,"column":0},"end":{"line":31,"column":17}},"31":{"start":{"line":32,"column":0},"end":{"line":32,"column":5}},"32":{"start":{"line":33,"column":0},"end":{"line":33,"column":4}},"33":{"start":{"line":34,"column":0},"end":{"line":34,"column":0}},"34":{"start":{"line":35,"column":0},"end":{"line":35,"column":55}},"35":{"start":{"line":36,"column":0},"end":{"line":36,"column":67}},"36":{"start":{"line":37,"column":0},"end":{"line":37,"column":0}},"37":{"start":{"line":38,"column":0},"end":{"line":38,"column":36}},"38":{"start":{"line":39,"column":0},"end":{"line":39,"column":0}},"39":{"start":{"line":40,"column":0},"end":{"line":40,"column":17}},"40":{"start":{"line":41,"column":0},"end":{"line":41,"column":31}},"41":{"start":{"line":42,"column":0},"end":{"line":42,"column":39}},"42":{"start":{"line":43,"column":0},"end":{"line":43,"column":5}},"43":{"start":{"line":44,"column":0},"end":{"line":44,"column":4}},"44":{"start":{"line":45,"column":0},"end":{"line":45,"column":0}},"45":{"start":{"line":46,"column":0},"end":{"line":46,"column":30}},"46":{"start":{"line":47,"column":0},"end":{"line":47,"column":64}},"47":{"start":{"line":48,"column":0},"end":{"line":48,"column":0}},"48":{"start":{"line":49,"column":0},"end":{"line":49,"column":39}},"49":{"start":{"line":50,"column":0},"end":{"line":50,"column":37}},"50":{"start":{"line":51,"column":0},"end":{"line":51,"column":20}},"51":{"start":{"line":52,"column":0},"end":{"line":52,"column":18}},"52":{"start":{"line":53,"column":0},"end":{"line":53,"column":32}},"53":{"start":{"line":54,"column":0},"end":{"line":54,"column":22}},"54":{"start":{"line":55,"column":0},"end":{"line":55,"column":34}},"55":{"start":{"line":56,"column":0},"end":{"line":56,"column":34}},"56":{"start":{"line":57,"column":0},"end":{"line":57,"column":40}},"57":{"start":{"line":58,"column":0},"end":{"line":58,"column":13}},"58":{"start":{"line":59,"column":0},"end":{"line":59,"column":12}},"59":{"start":{"line":60,"column":0},"end":{"line":60,"column":10}},"60":{"start":{"line":61,"column":0},"end":{"line":61,"column":35}},"61":{"start":{"line":62,"column":0},"end":{"line":62,"column":20}},"62":{"start":{"line":63,"column":0},"end":{"line":63,"column":18}},"63":{"start":{"line":64,"column":0},"end":{"line":64,"column":31}},"64":{"start":{"line":65,"column":0},"end":{"line":65,"column":22}},"65":{"start":{"line":66,"column":0},"end":{"line":66,"column":34}},"66":{"start":{"line":67,"column":0},"end":{"line":67,"column":34}},"67":{"start":{"line":68,"column":0},"end":{"line":68,"column":40}},"68":{"start":{"line":69,"column":0},"end":{"line":69,"column":13}},"69":{"start":{"line":70,"column":0},"end":{"line":70,"column":11}},"70":{"start":{"line":71,"column":0},"end":{"line":71,"column":10}},"71":{"start":{"line":72,"column":0},"end":{"line":72,"column":0}},"72":{"start":{"line":73,"column":0},"end":{"line":73,"column":36}},"73":{"start":{"
[...]
:{"line":112,"column":0},"end":{"line":112,"column":68}},"112":{"start":{"line":113,"column":0},"end":{"line":113,"column":40}},"113":{"start":{"line":114,"column":0},"end":{"line":114,"column":44}},"114":{"start":{"line":115,"column":0},"end":{"line":115,"column":16}},"115":{"start":{"line":116,"column":0},"end":{"line":116,"column":20}},"116":{"start":{"line":117,"column":0},"end":{"line":117,"column":69}},"117":{"start":{"line":118,"column":0},"end":{"line":118,"column":53}},"118":{"start":{"line":119,"column":0},"end":{"line":119,"column":37}},"119":{"start":{"line":120,"column":0},"end":{"line":120,"column":43}},"120":{"start":{"line":121,"column":0},"end":{"line":121,"column":68}},"121":{"start":{"line":122,"column":0},"end":{"line":122,"column":46}},"122":{"start":{"line":123,"column":0},"end":{"line":123,"column":44}},"123":{"start":{"line":124,"column":0},"end":{"line":124,"column":16}},"124":{"start":{"line":125,"column":0},"end":{"line":125,"column":17}},"125":{"start":{"line":126,"column":0},"end":{"line":126,"column":62}},"126":{"start":{"line":127,"column":0},"end":{"line":127,"column":71}},"127":{"start":{"line":128,"column":0},"end":{"line":128,"column":17}},"128":{"start":{"line":129,"column":0},"end":{"line":129,"column":20}},"129":{"start":{"line":130,"column":0},"end":{"line":130,"column":12}},"130":{"start":{"line":131,"column":0},"end":{"line":131,"column":10}},"131":{"start":{"line":132,"column":0},"end":{"line":132,"column":4}},"132":{"start":{"line":133,"column":0},"end":{"line":133,"column":2}}},"s":{"0":1,"1":1,"2":1,"3":1,"4":1,"5":1,"6":1,"7":1,"8":1,"9":1,"10":1,"11":1,"12":1,"13":1,"14":1,"15":1,"16":1,"17":1,"18":1,"19":1,"20":2,"21":2,"22":2,"23":2,"24":2,"25":2,"26":0,"27":0,"28":0,"29":0,"30":0,"31":0,"32":0,"33":2,"34":2,"35":0,"36":0,"37":0,"38":0,"39":0,"40":0,"41":0,"42":0,"43":0,"44":2,"45":2,"46":0,"47":0,"48":0,"49":0,"50":0,"51":0,"52":0,"53":0,"54":0,"55":0,"56":0,"57":0,"58":0,"59":0,"60":0,"61":0,"62":0,"63":0,"64":0,"65":0,"66":0,"67":0,"68":0,"69":0,"70":0,"71":0,"72":0,"73":0,"74":2,"75":2,"76":3,"77":3,"78":3,"79":3,"80":0,"81":0,"82":0,"83":3,"84":2,"85":2,"86":2,"87":2,"88":2,"89":2,"90":2,"91":2,"92":2,"93":2,"94":2,"95":2,"96":2,"97":2,"98":2,"99":2,"100":2,"101":2,"102":2,"103":2,"104":2,"105":2,"106":2,"107":2,"108":2,"109":2,"110":2,"111":2,"112":2,"113":2,"114":2,"115":2,"116":2,"117":2,"118":2,"119":2,"120":2,"121":2,"122":2,"123":2,"124":2,"125":2,"126":2,"127":2,"128":2,"129":2,"130":2,"131":2,"132":2},"branchMap":{"0":{"type":"branch","line":20,"loc":{"start":{"line":20,"column":36},"end":{"line":133,"column":2}},"locations":[{"start":{"line":20,"column":36},"end":{"line":133,"column":2}}]},"1":{"type":"branch","line":103,"loc":{"start":{"line":103,"column":49},"end":{"line":103,"column":65}},"locations":[{"start":{"line":103,"column":49},"end":{"line":103,"column":65}}]},"2":{"type":"branch","line":103,"loc":{"start":{"line":103,"column":61},"end":{"line":103,"column":68}},"locations":[{"start":{"line":103,"column":61},"end":{"line":103,"column":68}}]},"3":{"type":"branch","line":112,"loc":{"start":{"line":112,"column":49},"end":{"line":112,"column":65}},"locations":[{"start":{"line":112,"column":49},"end":{"line":112,"column":65}}]},"4":{"type":"branch","line":112,"loc":{"start":{"line":112,"column":61},"end":{"line":112,"column":68}},"locations":[{"start":{"line":112,"column":61},"end":{"line":112,"column":68}}]},"5":{"type":"branch","line":121,"loc":{"start":{"line":121,"column":49},"end":{"line":121,"column":65}},"locations":[{"start":{"line":121,"column":49},"end":{"line":121,"column":65}}]},"6":{"type":"branch","line":121,"loc":{"start":{"line":121,"column":61},"end":{"line":121,"column":68}},"locations":[{"start":{"line":121,"column":61},"end":{"line":121,"column":68}}]},"7":{"type":"branch","line":76,"loc":{"start":{"line":76,"column":23},"end":{"line":84,"column":4}},"locations":[{"start":{"line":76,"column":23},"end":{"line":84,"column":4}}]},"8":{"type":"branch","line":80,"loc":{"start":{"line":80,"column":15},"end":{"line":83,"column":5}},"locations":[{"start":{"line":80,"column":15},"end":{"line":83,"column":5}}]},"9":{"type":"branch","line":133,"loc":{"start":{"line":133,"column":0},"end":{"line":133,"column":2}},"locations":[{"start":{"line":133,"column":0},"end":{"line":133,"column":2}}]}},"b":{"0":[2],"1":[1],"2":[1],"3":[1],"4":[1],"5":[1],"6":[1],"7":[3],"8":[0],"9":[2]},"fnMap":{"0":{"name":"StepThree","decl":{"start":{"line":20,"column":36},"end":{"line":133,"column":2}},"loc":{"start":{"line":20,"column":36},"end":{"line":133,"column":2}},"line":20},"1":{"name":"submitUserData","decl":{"start":{"line":26,"column":25},"end":{"line":33,"column":4}},"loc":{"start":{"line":26,"column":25},"end":{"line":33,"column":4}},"line":26},"2":{"name":"handleAdd","decl":{"start":{"line":35,"column":20},"end":{"line":44,"column":4}},"loc":{"start":{"line":35,"column":20},"end":{"line":44,"column":4}},"line":35},"3":{"name":"updatePrices","decl":{"start":{"line":46,"column":23},"end":{"line":74,"column":4}},"loc":{"start":{"line":46,"column":23},"end":{"line":74,"column":4}},"line":46},"4":{"name":"handleRemove","decl":{"start":{"line":76,"column":23},"end":{"line":84,"column":4}},"loc":{"start":{"line":76,"column":23},"end":{"line":84,"column":4}},"line":76},"5":{"name":"get","decl":{"start":{"line":133,"column":0},"end":{"line":133,"column":2}},"loc":{"start":{"line":133,"column":0},"end":{"line":133,"column":2}},"line":133}},"f":{"0":2,"1":0,"2":0,"3":0,"4":3,"5":2}}
,"/home/jjoadev/Documents/desarrollo/projects/multi-step-form-main/code/src/components/Steps/StepTwo.tsx": {"path":"/home/jjoadev/Documents/desarrollo/projects/multi-step-form-main/code/src/components/Steps/StepTwo.tsx","all":false,"statementMap":{"0":{"start":{"line":1,"column":0},"end":{"line":1,"column":27}},"1":{"start":{"line":2,"column":0},"end":{"line":2,"column":0}},"2":{"start":{"line":3,"column":0},"end":{"line":3,"column":31}},"3":{"start":{"line":4,"column":0},"end":{"line":4,"column":60}},"4":{"start":{"line":5,"column":0},"end":{"line":5,"column":64}},"5":{"start":{"line":6,"column":0},"end":{"line":6,"column":54}},"6":{"start":{"line":7,"column":0},"end":{"line":7,"column":35}},"7":{"start":{"line":8,"column":0},"end":{"line":8,"column":67}},"8":{"start":{"line":9,"column":0},"end":{"line":9,"column":31}},"9":{"start":{"line":10,"column":0},"end":{"line":10,"column":51}},"10":{"start":{"line":11,"column":0},"end":{"line":11,"column":51}},"11":{"start":{"line":12,"column":0},"end":{"line":12,"column":41}},"12":{"start":{"line":13,"column":0},"end":{"line":13,"column":35}},"13":{"start":{"line":14,"column":0},"end":{"line":14,"column":0}},"14":{"start":{"line":15,"column":0},"end":{"line":15,"column":42}},"15":{"start":{"line":16,"column":0},"end":{"line":16,"column":0}},"16":{"start":{"line":17,"column":0},"end":{"line":17,"column":14}},"17":{"start":{"line":18,"column":0},"end":{"line":18,"column":17}},"18":{"start":{"line":19,"column":0},"end":{"line":19,"column":23}},"19":{"start":{"line":20,"column":0},"end":{"line":20,"column":23}},"20":{"start":{"line":21,"column":0},"end":{"line":21,"column":59}},"21":{"start":{"line":22,"column":0},"end":{"line":22,"column":2}},"22":{"start":{"line":23,"column":0},"end":{"line":23,"column":0}},"23":{"start":{"line":24,"column":0},"end":{"line":24,"column":36}},"24":{"start":{"line":25,"column":0},"end":{"line":25,"column":11}},"25":{"start":{"line":26,"column":0},"end":{"line":26,"column":11}},"26":{"start":{"line":27,"column":0},"end":{"line":27,"column":11}},"27":{"start":{"line":28,"column":0},"end":{"line":28,"column":17}},"28":{"start":{"line":29,"column":0},"end":{"line":29,"column":7}},"29":{"start":{"line":30,"column":0},"end":{"line":30,"column":38}},"30":{"start":{"line":31,"column":0},"end":{"line":31,"column":23}},"31":{"start":{"line":32,"column":0},"end":{"line":32,"column":0}},"32":{"start":{"line":33,"column":0},"end":{"line":33,"column":24}},"33":{"start":{"line":34,"column":0},"end":{"line":34,"column":21}},"34":{"start":{"line":35,"column":0},"end":{"line":35,"column":17}},"35":{"start":{"line":36,"column":0},"end":{"line":36,"column":5}},"36":{"start":{"line":37,"column":0},"end":{"line":37,"column":4}},"37":{"start":{"line":38,"column":0},"end":{"line":38,"column":0}},"38":{"start":{"line":39,"column":0},"end":{"line":39,"column":38}},"39":{"start":{"line":40,"column":0},"end":{"line":40,"column":34}},"40":{"start":{"line":41,"column":0},"end":{"line":41,"column":4}},"41":{"start":{"line":42,"column":0},"end":{"line":42,"column":0}},"42":{"start":{"line":43,"column":0},"end":{"line":43,"column":36}},"43":{"start":{"line":44,"column":0},"end":{"line":44,"column":39}},"44":{"start":{"line":45,"column":0},"end":{"line":45,"column":48}},"45":{"start":{"line":46,"column":0},"end":{"line":46,"column":50}},"46":{"start":{"line":47,"column":0},"end":{"line":47,"column":4}},"47":{"start":{"line":48,"column":0},"end":{"line":48,"column":0}},"48":{"start":{"line":49,"column":0},"end":{"line":49,"column":30}},"49":{"start":{"line":50,"column":0},"end":{"line":50,"column":39}},"50":{"start":{"line":51,"column":0},"end":{"line":51,"column":23}},"51":{"start":{"line":52,"column":0},"end":{"line":52,"column":22}},"52":{"start":{"line":53,"column":0},"end":{"line":53,"column":75}},"53":{"start":{"line":54,"column":0},"end":{"line":54,"column":9}},"54":{"start":{"line":55,"column":0},"end":{"line":55,"column":23}},"55":{"start":{"line":56,"column":0},"end":{"line":56,"column":22}},"56":{"start":{"line":57,"column":0},"end":{"line":57,"column":74}},"57":{"start":{"line":58,"column":0},"end":{"line":58,"column":10}},"58":{"start":{"line":59,"column":0},"end":{"line":59,"column":4}},"59":{"start":{"line":60,"column":0},"end":{"line":60,"column":0}},"60":{"start":{"line":61,"column":0},"end":{"line":61,"column":10}},"61":{"start":{"line":62,"column":0},"end":{"line":62,"column":109}},"62":{"start":{"line":63,"column":0},"end":{"line":63,"column":52}},"63":{"start":{"line":64,"column":0},"end":{"line":64,"column":98}},"64":{"start":{"line":65,"column":0},"end":{"line":65,"column":19}},"65":{"start":{"line":66,"column":0},"end":{"line":66,"column":17}},"66":{"start":{"line":67,"column":0},"end":{"line":67,"column":67}},"67":{"start":{"line":68,"column":0},"end":{"line":68,"column":36}},"68":{"start":{"line":69,"column":0},"end":{"line":69,"column":12}},"69":{"start":{"line":70,"column":0},"end":{"line":70,"column":0}},"70":{"start":{"line":71,"column":0},"end":{"line":71,"column":15}},"71":{"start":{"line":72,"column":0},"end":{"line":72,"column":67}},"72":{"start":{"line":73,"column":0},"end":{"line":73,"column":37}},"73":{"start":{"line":74,"column":0},"end":{"line":74,"column":11}},"74":{"start":{"line":75,"column":0},"end":{"line":75,"column":91}},"75":{"start":{"line":76,"column":0},"end":{"line":76,"column":19}},"76":{"start":{"line":77,"column":0},"end":{"line":77,"column":43}},"77":{"start":{"line":78,"column":0},"end":{"line":78,"column":43}},"78":{"start":{"line":79,"column":0},"end":{"line":79,"column":31}},"79":{"start":{"line":80,"column":0},"end":{"line":80,"column":30}},"80":{"start":{"line":81,"column":0},"end":{"line":81,"column":31}},"81":{"start":{"line":82,"column":0},"end":{"line":82,"column":68}},"82":{"start":{"line":83,"column":0},"end":{"line":83,"column":44}},"83":{"start":{"line":84,"column":0},"end":{"line":84,"column":16}},"84":{"start":{"line":85,"column":0},"end":{"line":85,"column":19}},"85":{"start":{"line":86,"column":0},"end":{"line":86,"column":45}},"86":{"start":{"line":87,"column":0},"end":{"line":87,"column":43}},"87":{"start":{"line":88,"column":0},"end":{"line":88,"column":33}},"88":{"start":{"line":89,"column":0},"end":{"line":89,"column":30}},"89":{"start":{"line":90,"column":0},"end":{"line":90,"column":33}},"90":{"start":{"line":91,"column":0},"end":{"line":91,"column":70}},"91":{"start":{"line":92,"column":0},"end":{"line":92,"column":44}},"92":{"start":{"line":93,"column":0},"end":{"line":93,"column":16}},"93":{"start":{"line":94,"column":0},"end":{"line":94,"column":19}},"94":{"start":{"line":95,"column":0},"end":{"line":95,"column":40}},"95":{"start":{"line":96,"column":0},"end":{"line":96,"column":43}},"96":{"start":{"line":97,"column":0},"end":{"line":97,"column":28}},"97":{"start":{"line":98,"column":0},"end":{"line":98,"column":30}},"98":{"start":{"line":99,"column":0},"end":{"line":99,"column":28}},"99":{"start":{"line":100,"column":0},"end":{"line":100,"column":70}},"100":{"start":{"line":101,"column":0},"end":{"line":101,"column":44}},"101":{"start":{"line":102,"column":0},"end":{"line":102,"column":16}},"102":{"start":{"line":103,"column":0},"end":{"line":103,"column":18}},"103":{"start":{"line":104,"column":0},"end":{"line":104,"column":151}},"104":{"start":{"line":105,"column":0},"end":{"line":105,"column":16}},"105":{"start":{"line":106,"column":0},"end":{"line":106,"column":27}},"106":{"start":{"line":107,"column":0},"end":{"line":107,"column":53}},"107":{"start":{"line":108,"column":0},"end":{"line":108,"column":52}},"108":{"start":{"line":109,"column":0},"end":{"line":109,"column":51}},"109":{"start":{"line":110,"column":0},"end":{"line":110,"column":17}},"110":{"start":{"line":111,"column":0},"end":{"line":111,"column":15}},"111":{"start":{"line":112,"column":0},"end":{"line":112,"column":23}},"112":{"start":{"line":113,"column":0},"end":{"line":113,"column":18}},"113":{"start":{"line":114,"column":0},"end":{"line":114,"column":23}},"114":{"start":{"line":115,"column":0},"end":{"line":115,"column":59}},"115":{"start":{"line":116,"column":0},"end":{"line":116,"column":50}},"116":{"start":{"line":117,"column":0},"end":{"line":117,"column":16}},"117":{"start":{"line":118,"column":0},"end":{"line":118,"column":16}},"118":{"start":{"line":119,"column":0},"end":{"line":119,"column":27}},"119":{"start":{"line":120,"column":0},"end":{"line":120,"column":52}},"120":{"start":{"line":121,"column":0},"end":{"line":121,"column":52}},"121":{"start":{"line":122,"column":0},"end":{"line":122,"column":51}},"122":{"start":{"line":123,"column":0},"end":{"line":123,"column":17}},"123":{"start":{"line":124,"column":0},"end":{"line":124,"column":15}},"124":{"start":{"line":125,"column":0},"end":{"line":125,"column":22}},"125":{"start":{"line":126,"column":0},"end":{"line":126,"column":18}},"126":{"start":{"line":127,"column":0},"end":{"line":127,"column":18}},"127":{"start":{"line":128,"column":0},"end":{"line":128,"column":62}},"128":{"start":{"line":129,"column":0},"end":{"line":129,"column":71}},"129":{"start":{"line":130,"column":0},"end":{"line":130,"column":17}},"130":{"start":{"line":131,"column":0},"end":{"line":131,"column":20}},"131":{"start":{"line":132,"column":0},"end":{"line":132,"column":12}},"132":{"start":{"line":133,"column":0},"end":{"line":133,"column":10}},"133":{"start":{"line":134,"column":0},"end":{"line":134,"column":4}},"134":{"start":{"line":135,"column":0},"end":{"line":135,"column":2}}},"s":{"0":1,"1":1,"2":1,"3":1,"4":1,"5":1,"6":1,"7":1,"8":1,"9":1,"10":1,"11":1,"12":1,"13":1,"14":1,"15":1,"16":1,"17":1,"18":1,"19":1,"20":1,"21":1,"22":1,"23":1,"24":4,"25":4,"26":4,"27":4,"28":4,"29":4,"30":0,"31":0,"32":0,"33":0,"34":0,"35":0,"36":0,"37":4,"38":4,"39":12,"40":12,"41":4,"42":4,"43":1,"44":1,"45":0,"46":1,"47":4,"48":4,"49":0,"50":0,"51":0,"52":0,"53":0,"54":0,"55":0,"56":0,"57":0,"58":0,"59":4,"60":4,"61":4,"62":4,"63":4,"64":4,"65":4,"66":4,"67":4,"68":4,"69":4,"70":4,"71":4,"72":4,"73":4,"74":4,"75":4,"76":4,"77":4,"78":4,"79":4,"80":4,"81":4,"82":4,"83":4,"84":4,"85":4,"86":4,"87":4,"88":4,"89":4,"90":4,"91":4,"92":4,"93":4,"94":4,"95":4,"96":4,"97":4,"98":4,"99":4,"100":4,"101":4,"102":4,"103":4,"104":4,"105":4,"106":4,"107":3,"108":1,"109":4,"110":4,"111":4,"112":4,"113":4,"114":4,"115":4,"116":4,"117":4,"118":4,"119":4,"120":1,"121":3,"122":4,"123":4,"124":4,"125":4,"126":4,"127":4,"128":4,"129":4,"130":4,"131":4,"132":4,"133":4,"134":4},"branchMap":{"0":{"type":"branch","line":24,"loc":{"start":{"line":24,"column":34},"end":{"line":135,"column":2}},"locations":[{"start":{"line":24,"column":34},"end":{"line":135,"column":2}}]},"1":{"type":"branch","line":82,"loc":{"start":{"line":82,"column":49},"end":{"line":82,"column":65}},"locations":[{"start":{"line":82,"column":49},"end":{"line":82,"column":65}}]},"2":{"type":"branch","line":82,"loc":{"start":{"line":82,"column":61},"end":{"line":82,"column":68}},"locations":[{"start":{"line":82,"column":61},"end":{"line":82,"column":68}}]},"3":{"type":"branch","line":91,"loc":{"start":{"line":91,"column":49},"end":{"line":91,"column":66}},"locations":[{"start":{"line":91,"column":49},"end":{"line":91,"column":66}}]},"4":{"type":"branch","line":91,"loc":{"start":{"line":91,"column":61},"end":{"line":91,"column":70}},"locations":[{"start":{"line":91,"column":61},"end":{"line":91,"column":70}}]},"5":{"type":"branch","line":100,"loc":{"start":{"line":100,"column":49},"end":{"line":100,"column":66}},"locations":[{"start":{"line":100,"column":49},"end":{"line":100,"column":66}}]},"6":{"type":"branch","line":100,"loc":{"start":{"line":100,"column":61},"end":{"line":100,"column":70}},"locations":[{"start":{"line":100,"column":61},"end":{"line":100,"column":70}}]},"7":{"type":"branch","line":107,"loc":{"start":{"line":107,"column":44},"end":{"line":108,"column":52}},"locations":[{"start":{"line":107,"column":44},"end":{"line":108,"column":52}}]},"8":{"type":"branch","line":108,"loc":{"start":{"line":108,"column":22},"end":{"line":109,"column":51}},"locations":[{"start":{"line":108,"column":22},"end":{"line":109,"column":51}}]},"9":{"type":"branch","line":120,"loc":{"start":{"line":120,"column":44},"end":{"line":121,"column":52}},"locations":[{"start":{"line":120,"column":44},"end":{"line":121,"column":52}}]},"10":{"type":"branch","line":121,"loc":{"start":{"line":121,"column":22},"end":{"line":122,"column":51}},"locations":[{"start":{"line":121,"column":22},"end":{"line":122,"column":51}}]},"11":{"type":"branch","line":39,"loc":{"start":{"line":39,"column":19},"end":{"line":41,"column":4}},"locations":[{"start":{"line":39,"column":19},"end":{"line":41,"column":4}}]},"12":{"type":"branch","line":43,"loc":{"start":{"line":43,"column":29},"end":{"line":47,"column":4}},"locations":[{"start":{"line":43,"column":29},"end":{"line":47,"column":4}}]},"13":{"type":"branch","line":45,"loc":{"start":{"line":45,"column":47},"end":{"line":46,"column":50}},"locations":[{"start":{"line":45,"column":47},"end":{"line":46,"column":50}}]},"14":{"type":"branch","line":135,"loc":{"start":{"line":135,"column":0},"end":{"line":135,"column":2}},"locations":[{"start":{"line":135,"column":0},"end":{"line":135,"column":2}}]}},"b":{"0":[4],"1":[3],"2":[1],"3":[3],"4":[1],"5":[3],"6":[1],"7":[3],"8":[1],"9":[1],"10":[3],"11":[12],"12":[1],"13":[0],"14":[4]},"fnMap":{"0":{"name":"StepTwo","decl":{"start":{"line":24,"column":34},"end":{"line":135,"column":2}},"loc":{"start":{"line":24,"column":34},"end":{"line":135,"column":2}},"line":24},"1":{"name":"submitUserData","decl":{"start":{"line":30,"column":25},"end":{"line":37,"column":4}},"loc":{"start":{"line":30,"column":25},"end":{"line":37,"column":4}},"line":30},"2":{"name":"isActive","decl":{"start":{"line":39,"column":19},"end":{"line":41,"column":4}},"loc":{"start":{"line":39,"column":19},"end":{"line":41,"column":4}},"line":39},"3":{"name":"handlePlanDuration","decl":{"start":{"line":43,"column":29},"end":{"line":47,"column":4}},"loc":{"start":{"line":43,"column":29},"end":{"line":47,"column":4}},"line":43},"4":{"name":"switchPrices","decl":{"start":{"line":49,"column":23},"end":{"line":59,"column":4}},"loc":{"start":{"line":49,"column":23},"end":{"line":59,"column":4}},"line":49},"5":{"name":"get","decl":{"start":{"line":135,"column":0},"end":{"line":135,"column":2}},"loc":{"start":{"line":135,"column":0},"end":{"line":135,"column":2}},"line":135}},"f":{"0":4,"1":0,"2":12,"3":1,"4":0,"5":4}}
}
